<?xml version="1.0" encoding="UTF-8"?>
<coverage generated="1743702689164" clover="3.2.0">
  <project timestamp="1743702689164" name="All files">
    <metrics statements="539" coveredstatements="248" conditionals="204" coveredconditionals="77" methods="163" coveredmethods="67" elements="906" coveredelements="392" complexity="0" loc="539" ncloc="539" packages="8" files="20" classes="20"/>
    <package name="src">
      <metrics statements="19" coveredstatements="19" conditionals="12" coveredconditionals="12" methods="6" coveredmethods="6"/>
      <file name="enums.ts" path="C:\Users\alazi\OneDrive - EUROPEAN DYNAMICS LUXEMBOURG SA\Desktop\myRepo\GKE-Traffic-Split\scheduler\src\enums.ts">
        <metrics statements="19" coveredstatements="19" conditionals="12" coveredconditionals="12" methods="6" coveredmethods="6"/>
        <line num="1" count="3" type="cond" truecount="2" falsecount="0"/>
        <line num="3" count="3" type="cond" truecount="2" falsecount="0"/>
        <line num="4" count="3" type="stmt"/>
        <line num="5" count="3" type="stmt"/>
        <line num="6" count="3" type="stmt"/>
        <line num="9" count="3" type="cond" truecount="2" falsecount="0"/>
        <line num="10" count="3" type="stmt"/>
        <line num="11" count="3" type="stmt"/>
        <line num="14" count="3" type="cond" truecount="2" falsecount="0"/>
        <line num="15" count="3" type="stmt"/>
        <line num="16" count="3" type="stmt"/>
        <line num="17" count="3" type="stmt"/>
        <line num="18" count="3" type="stmt"/>
        <line num="21" count="3" type="cond" truecount="2" falsecount="0"/>
        <line num="22" count="3" type="stmt"/>
        <line num="25" count="3" type="cond" truecount="2" falsecount="0"/>
        <line num="26" count="3" type="stmt"/>
        <line num="27" count="3" type="stmt"/>
        <line num="28" count="3" type="stmt"/>
      </file>
    </package>
    <package name="src.adapters.k8s">
      <metrics statements="161" coveredstatements="37" conditionals="45" coveredconditionals="2" methods="57" coveredmethods="2"/>
      <file name="enums.ts" path="C:\Users\alazi\OneDrive - EUROPEAN DYNAMICS LUXEMBOURG SA\Desktop\myRepo\GKE-Traffic-Split\scheduler\src\adapters\k8s\enums.ts">
        <metrics statements="6" coveredstatements="6" conditionals="2" coveredconditionals="2" methods="1" coveredmethods="1"/>
        <line num="1" count="1" type="cond" truecount="2" falsecount="0"/>
        <line num="2" count="1" type="stmt"/>
        <line num="3" count="1" type="stmt"/>
        <line num="4" count="1" type="stmt"/>
        <line num="5" count="1" type="stmt"/>
        <line num="6" count="1" type="stmt"/>
      </file>
      <file name="index.ts" path="C:\Users\alazi\OneDrive - EUROPEAN DYNAMICS LUXEMBOURG SA\Desktop\myRepo\GKE-Traffic-Split\scheduler\src\adapters\k8s\index.ts">
        <metrics statements="81" coveredstatements="25" conditionals="22" coveredconditionals="0" methods="24" coveredmethods="1"/>
        <line num="1" count="1" type="stmt"/>
        <line num="2" count="1" type="stmt"/>
        <line num="3" count="1" type="stmt"/>
        <line num="4" count="1" type="stmt"/>
        <line num="5" count="1" type="stmt"/>
        <line num="6" count="1" type="stmt"/>
        <line num="7" count="1" type="stmt"/>
        <line num="8" count="1" type="stmt"/>
        <line num="9" count="1" type="stmt"/>
        <line num="10" count="1" type="stmt"/>
        <line num="11" count="1" type="stmt"/>
        <line num="12" count="1" type="stmt"/>
        <line num="19" count="1" type="stmt"/>
        <line num="26" count="1" type="stmt"/>
        <line num="29" count="1" type="stmt"/>
        <line num="31" count="1" type="stmt"/>
        <line num="33" count="1" type="stmt"/>
        <line num="35" count="1" type="stmt"/>
        <line num="37" count="1" type="stmt"/>
        <line num="39" count="1" type="stmt"/>
        <line num="40" count="1" type="stmt"/>
        <line num="41" count="1" type="stmt"/>
        <line num="42" count="1" type="stmt"/>
        <line num="43" count="1" type="stmt"/>
        <line num="44" count="1" type="stmt"/>
        <line num="48" count="0" type="stmt"/>
        <line num="50" count="0" type="stmt"/>
        <line num="51" count="0" type="stmt"/>
        <line num="52" count="0" type="stmt"/>
        <line num="53" count="0" type="stmt"/>
        <line num="56" count="0" type="stmt"/>
        <line num="57" count="0" type="stmt"/>
        <line num="73" count="0" type="stmt"/>
        <line num="77" count="0" type="stmt"/>
        <line num="93" count="0" type="stmt"/>
        <line num="103" count="0" type="stmt"/>
        <line num="120" count="0" type="stmt"/>
        <line num="121" count="0" type="stmt"/>
        <line num="124" count="0" type="stmt"/>
        <line num="127" count="0" type="stmt"/>
        <line num="128" count="0" type="stmt"/>
        <line num="133" count="0" type="stmt"/>
        <line num="136" count="0" type="stmt"/>
        <line num="140" count="0" type="stmt"/>
        <line num="144" count="0" type="stmt"/>
        <line num="149" count="0" type="stmt"/>
        <line num="162" count="0" type="stmt"/>
        <line num="165" count="0" type="cond" truecount="0" falsecount="1"/>
        <line num="166" count="0" type="stmt"/>
        <line num="167" count="0" type="stmt"/>
        <line num="171" count="0" type="stmt"/>
        <line num="174" count="0" type="stmt"/>
        <line num="178" count="0" type="stmt"/>
        <line num="180" count="0" type="stmt"/>
        <line num="182" count="0" type="stmt"/>
        <line num="193" count="0" type="stmt"/>
        <line num="210" count="0" type="stmt"/>
        <line num="213" count="0" type="stmt"/>
        <line num="216" count="0" type="cond" truecount="0" falsecount="2"/>
        <line num="222" count="0" type="stmt"/>
        <line num="236" count="0" type="stmt"/>
        <line num="250" count="0" type="stmt"/>
        <line num="260" count="0" type="cond" truecount="0" falsecount="4"/>
        <line num="261" count="0" type="stmt"/>
        <line num="265" count="0" type="stmt"/>
        <line num="268" count="0" type="stmt"/>
        <line num="269" count="0" type="cond" truecount="0" falsecount="2"/>
        <line num="272" count="0" type="cond" truecount="0" falsecount="1"/>
        <line num="273" count="0" type="stmt"/>
        <line num="277" count="0" type="stmt"/>
        <line num="278" count="0" type="cond" truecount="0" falsecount="2"/>
        <line num="282" count="0" type="stmt"/>
        <line num="283" count="0" type="cond" truecount="0" falsecount="2"/>
        <line num="286" count="0" type="stmt"/>
        <line num="287" count="0" type="cond" truecount="0" falsecount="2"/>
        <line num="291" count="0" type="stmt"/>
        <line num="292" count="0" type="cond" truecount="0" falsecount="2"/>
        <line num="293" count="0" type="cond" truecount="0" falsecount="2"/>
        <line num="294" count="0" type="stmt"/>
        <line num="301" count="0" type="cond" truecount="0" falsecount="2"/>
        <line num="305" count="0" type="stmt"/>
      </file>
      <file name="mapper.ts" path="C:\Users\alazi\OneDrive - EUROPEAN DYNAMICS LUXEMBOURG SA\Desktop\myRepo\GKE-Traffic-Split\scheduler\src\adapters\k8s\mapper.ts">
        <metrics statements="41" coveredstatements="4" conditionals="8" coveredconditionals="0" methods="24" coveredmethods="0"/>
        <line num="1" count="1" type="stmt"/>
        <line num="2" count="1" type="stmt"/>
        <line num="17" count="1" type="stmt"/>
        <line num="19" count="0" type="stmt"/>
        <line num="20" count="0" type="stmt"/>
        <line num="28" count="0" type="stmt"/>
        <line num="30" count="0" type="stmt"/>
        <line num="31" count="0" type="cond" truecount="0" falsecount="2"/>
        <line num="34" count="0" type="stmt"/>
        <line num="37" count="0" type="stmt"/>
        <line num="80" count="0" type="stmt"/>
        <line num="82" count="0" type="stmt"/>
        <line num="83" count="0" type="stmt"/>
        <line num="85" count="0" type="stmt"/>
        <line num="89" count="0" type="stmt"/>
        <line num="94" count="0" type="stmt"/>
        <line num="102" count="0" type="stmt"/>
        <line num="107" count="0" type="stmt"/>
        <line num="112" count="0" type="stmt"/>
        <line num="115" count="0" type="stmt"/>
        <line num="116" count="0" type="stmt"/>
        <line num="118" count="0" type="stmt"/>
        <line num="119" count="0" type="stmt"/>
        <line num="120" count="0" type="cond" truecount="0" falsecount="2"/>
        <line num="124" count="0" type="stmt"/>
        <line num="132" count="0" type="stmt"/>
        <line num="136" count="0" type="stmt"/>
        <line num="137" count="0" type="stmt"/>
        <line num="142" count="0" type="stmt"/>
        <line num="147" count="0" type="stmt"/>
        <line num="152" count="0" type="stmt"/>
        <line num="157" count="0" type="stmt"/>
        <line num="174" count="0" type="stmt"/>
        <line num="175" count="0" type="stmt"/>
        <line num="176" count="0" type="stmt"/>
        <line num="177" count="0" type="stmt"/>
        <line num="178" count="0" type="stmt"/>
        <line num="180" count="0" type="stmt"/>
        <line num="181" count="0" type="stmt"/>
        <line num="183" count="0" type="stmt"/>
        <line num="208" count="1" type="stmt"/>
      </file>
      <file name="utils.ts" path="C:\Users\alazi\OneDrive - EUROPEAN DYNAMICS LUXEMBOURG SA\Desktop\myRepo\GKE-Traffic-Split\scheduler\src\adapters\k8s\utils.ts">
        <metrics statements="33" coveredstatements="2" conditionals="13" coveredconditionals="0" methods="8" coveredmethods="0"/>
        <line num="11" count="1" type="stmt"/>
        <line num="12" count="0" type="stmt"/>
        <line num="14" count="0" type="stmt"/>
        <line num="15" count="0" type="stmt"/>
        <line num="16" count="0" type="stmt"/>
        <line num="18" count="0" type="stmt"/>
        <line num="19" count="0" type="cond" truecount="0" falsecount="1"/>
        <line num="20" count="0" type="stmt"/>
        <line num="23" count="0" type="cond" truecount="0" falsecount="2"/>
        <line num="24" count="0" type="stmt"/>
        <line num="25" count="0" type="cond" truecount="0" falsecount="2"/>
        <line num="26" count="0" type="cond" truecount="0" falsecount="2"/>
        <line num="27" count="0" type="stmt"/>
        <line num="28" count="0" type="cond" truecount="0" falsecount="2"/>
        <line num="30" count="0" type="stmt"/>
        <line num="31" count="0" type="cond" truecount="0" falsecount="2"/>
        <line num="35" count="0" type="stmt"/>
        <line num="41" count="0" type="stmt"/>
        <line num="62" count="1" type="stmt"/>
        <line num="66" count="0" type="stmt"/>
        <line num="67" count="0" type="stmt"/>
        <line num="69" count="0" type="stmt"/>
        <line num="71" count="0" type="stmt"/>
        <line num="72" count="0" type="cond" truecount="0" falsecount="1"/>
        <line num="73" count="0" type="stmt"/>
        <line num="74" count="0" type="stmt"/>
        <line num="77" count="0" type="stmt"/>
        <line num="79" count="0" type="cond" truecount="0" falsecount="1"/>
        <line num="82" count="0" type="stmt"/>
        <line num="83" count="0" type="stmt"/>
        <line num="86" count="0" type="stmt"/>
        <line num="87" count="0" type="stmt"/>
        <line num="90" count="0" type="stmt"/>
      </file>
    </package>
    <package name="src.adapters.k8s.services">
      <metrics statements="153" coveredstatements="27" conditionals="39" coveredconditionals="0" methods="32" coveredmethods="6"/>
      <file name="deploy.service.ts" path="C:\Users\alazi\OneDrive - EUROPEAN DYNAMICS LUXEMBOURG SA\Desktop\myRepo\GKE-Traffic-Split\scheduler\src\adapters\k8s\services\deploy.service.ts">
        <metrics statements="25" coveredstatements="4" conditionals="4" coveredconditionals="0" methods="7" coveredmethods="1"/>
        <line num="1" count="1" type="stmt"/>
        <line num="3" count="1" type="stmt"/>
        <line num="7" count="1" type="stmt"/>
        <line num="11" count="1" type="stmt"/>
        <line num="15" count="0" type="stmt"/>
        <line num="18" count="0" type="stmt"/>
        <line num="19" count="0" type="cond" truecount="0" falsecount="1"/>
        <line num="20" count="0" type="stmt"/>
        <line num="21" count="0" type="stmt"/>
        <line num="24" count="0" type="stmt"/>
        <line num="29" count="0" type="stmt"/>
        <line num="30" count="0" type="stmt"/>
        <line num="31" count="0" type="stmt"/>
        <line num="33" count="0" type="cond" truecount="0" falsecount="1"/>
        <line num="34" count="0" type="stmt"/>
        <line num="35" count="0" type="stmt"/>
        <line num="38" count="0" type="stmt"/>
        <line num="42" count="0" type="stmt"/>
        <line num="44" count="0" type="cond" truecount="0" falsecount="1"/>
        <line num="45" count="0" type="stmt"/>
        <line num="46" count="0" type="stmt"/>
        <line num="48" count="0" type="cond" truecount="0" falsecount="1"/>
        <line num="49" count="0" type="stmt"/>
        <line num="50" count="0" type="stmt"/>
        <line num="54" count="0" type="stmt"/>
      </file>
      <file name="metrics.service.ts" path="C:\Users\alazi\OneDrive - EUROPEAN DYNAMICS LUXEMBOURG SA\Desktop\myRepo\GKE-Traffic-Split\scheduler\src\adapters\k8s\services\metrics.service.ts">
        <metrics statements="12" coveredstatements="6" conditionals="0" coveredconditionals="0" methods="3" coveredmethods="1"/>
        <line num="1" count="1" type="stmt"/>
        <line num="3" count="1" type="stmt"/>
        <line num="8" count="1" type="stmt"/>
        <line num="14" count="1" type="stmt"/>
        <line num="15" count="1" type="stmt"/>
        <line num="16" count="1" type="stmt"/>
        <line num="20" count="0" type="stmt"/>
        <line num="21" count="0" type="stmt"/>
        <line num="23" count="0" type="stmt"/>
        <line num="27" count="0" type="stmt"/>
        <line num="29" count="0" type="stmt"/>
        <line num="30" count="0" type="stmt"/>
      </file>
      <file name="namespace.service.ts" path="C:\Users\alazi\OneDrive - EUROPEAN DYNAMICS LUXEMBOURG SA\Desktop\myRepo\GKE-Traffic-Split\scheduler\src\adapters\k8s\services\namespace.service.ts">
        <metrics statements="13" coveredstatements="4" conditionals="1" coveredconditionals="0" methods="2" coveredmethods="1"/>
        <line num="1" count="1" type="stmt"/>
        <line num="2" count="1" type="stmt"/>
        <line num="6" count="1" type="stmt"/>
        <line num="9" count="1" type="stmt"/>
        <line num="16" count="0" type="stmt"/>
        <line num="17" count="0" type="stmt"/>
        <line num="18" count="0" type="stmt"/>
        <line num="20" count="0" type="stmt"/>
        <line num="22" count="0" type="stmt"/>
        <line num="24" count="0" type="cond" truecount="0" falsecount="1"/>
        <line num="25" count="0" type="stmt"/>
        <line num="26" count="0" type="stmt"/>
        <line num="29" count="0" type="stmt"/>
      </file>
      <file name="node.service.ts" path="C:\Users\alazi\OneDrive - EUROPEAN DYNAMICS LUXEMBOURG SA\Desktop\myRepo\GKE-Traffic-Split\scheduler\src\adapters\k8s\services\node.service.ts">
        <metrics statements="25" coveredstatements="2" conditionals="5" coveredconditionals="0" methods="7" coveredmethods="1"/>
        <line num="3" count="1" type="stmt"/>
        <line num="7" count="1" type="stmt"/>
        <line num="12" count="0" type="stmt"/>
        <line num="13" count="0" type="stmt"/>
        <line num="17" count="0" type="stmt"/>
        <line num="18" count="0" type="stmt"/>
        <line num="22" count="0" type="stmt"/>
        <line num="27" count="0" type="stmt"/>
        <line num="29" count="0" type="stmt"/>
        <line num="31" count="0" type="stmt"/>
        <line num="33" count="0" type="stmt"/>
        <line num="35" count="0" type="cond" truecount="0" falsecount="1"/>
        <line num="37" count="0" type="stmt"/>
        <line num="38" count="0" type="stmt"/>
        <line num="42" count="0" type="cond" truecount="0" falsecount="1"/>
        <line num="45" count="0" type="stmt"/>
        <line num="47" count="0" type="stmt"/>
        <line num="53" count="0" type="stmt"/>
        <line num="55" count="0" type="stmt"/>
        <line num="57" count="0" type="stmt"/>
        <line num="58" count="0" type="cond" truecount="0" falsecount="1"/>
        <line num="60" count="0" type="stmt"/>
        <line num="61" count="0" type="stmt"/>
        <line num="65" count="0" type="cond" truecount="0" falsecount="2"/>
        <line num="68" count="0" type="stmt"/>
      </file>
      <file name="pod.service.ts" path="C:\Users\alazi\OneDrive - EUROPEAN DYNAMICS LUXEMBOURG SA\Desktop\myRepo\GKE-Traffic-Split\scheduler\src\adapters\k8s\services\pod.service.ts">
        <metrics statements="10" coveredstatements="3" conditionals="1" coveredconditionals="0" methods="4" coveredmethods="1"/>
        <line num="1" count="1" type="stmt"/>
        <line num="5" count="1" type="stmt"/>
        <line num="8" count="1" type="stmt"/>
        <line num="12" count="0" type="stmt"/>
        <line num="13" count="0" type="stmt"/>
        <line num="17" count="0" type="stmt"/>
        <line num="26" count="0" type="cond" truecount="0" falsecount="1"/>
        <line num="28" count="0" type="stmt"/>
        <line num="32" count="0" type="stmt"/>
        <line num="33" count="0" type="stmt"/>
      </file>
      <file name="resources.service.ts" path="C:\Users\alazi\OneDrive - EUROPEAN DYNAMICS LUXEMBOURG SA\Desktop\myRepo\GKE-Traffic-Split\scheduler\src\adapters\k8s\services\resources.service.ts">
        <metrics statements="54" coveredstatements="5" conditionals="24" coveredconditionals="0" methods="5" coveredmethods="1"/>
        <line num="1" count="1" type="stmt"/>
        <line num="2" count="1" type="stmt"/>
        <line num="6" count="1" type="stmt"/>
        <line num="11" count="1" type="stmt"/>
        <line num="12" count="1" type="stmt"/>
        <line num="16" count="0" type="stmt"/>
        <line num="17" count="0" type="stmt"/>
        <line num="19" count="0" type="stmt"/>
        <line num="20" count="0" type="stmt"/>
        <line num="21" count="0" type="cond" truecount="0" falsecount="3"/>
        <line num="22" count="0" type="stmt"/>
        <line num="23" count="0" type="stmt"/>
        <line num="24" count="0" type="stmt"/>
        <line num="29" count="0" type="cond" truecount="0" falsecount="2"/>
        <line num="30" count="0" type="stmt"/>
        <line num="31" count="0" type="stmt"/>
        <line num="34" count="0" type="stmt"/>
        <line num="44" count="0" type="stmt"/>
        <line num="47" count="0" type="stmt"/>
        <line num="48" count="0" type="stmt"/>
        <line num="50" count="0" type="stmt"/>
        <line num="51" count="0" type="cond" truecount="0" falsecount="2"/>
        <line num="53" count="0" type="stmt"/>
        <line num="54" count="0" type="stmt"/>
        <line num="56" count="0" type="stmt"/>
        <line num="57" count="0" type="stmt"/>
        <line num="62" count="0" type="stmt"/>
        <line num="65" count="0" type="stmt"/>
        <line num="77" count="0" type="stmt"/>
        <line num="79" count="0" type="stmt"/>
        <line num="81" count="0" type="stmt"/>
        <line num="82" count="0" type="stmt"/>
        <line num="86" count="0" type="stmt"/>
        <line num="87" count="0" type="cond" truecount="0" falsecount="3"/>
        <line num="88" count="0" type="stmt"/>
        <line num="92" count="0" type="cond" truecount="0" falsecount="2"/>
        <line num="93" count="0" type="cond" truecount="0" falsecount="2"/>
        <line num="94" count="0" type="cond" truecount="0" falsecount="2"/>
        <line num="95" count="0" type="stmt"/>
        <line num="96" count="0" type="stmt"/>
        <line num="99" count="0" type="cond" truecount="0" falsecount="2"/>
        <line num="100" count="0" type="stmt"/>
        <line num="101" count="0" type="stmt"/>
        <line num="103" count="0" type="stmt"/>
        <line num="104" count="0" type="stmt"/>
        <line num="106" count="0" type="stmt"/>
        <line num="118" count="0" type="stmt"/>
        <line num="120" count="0" type="stmt"/>
        <line num="121" count="0" type="cond" truecount="0" falsecount="4"/>
        <line num="123" count="0" type="stmt"/>
        <line num="130" count="0" type="stmt"/>
        <line num="132" count="0" type="stmt"/>
        <line num="136" count="0" type="stmt"/>
        <line num="142" count="0" type="stmt"/>
      </file>
      <file name="threshold.strategy.service.ts" path="C:\Users\alazi\OneDrive - EUROPEAN DYNAMICS LUXEMBOURG SA\Desktop\myRepo\GKE-Traffic-Split\scheduler\src\adapters\k8s\services\threshold.strategy.service.ts">
        <metrics statements="14" coveredstatements="3" conditionals="4" coveredconditionals="0" methods="4" coveredmethods="0"/>
        <line num="1" count="1" type="stmt"/>
        <line num="2" count="1" type="stmt"/>
        <line num="13" count="0" type="stmt"/>
        <line num="15" count="0" type="stmt"/>
        <line num="21" count="0" type="stmt"/>
        <line num="23" count="0" type="stmt"/>
        <line num="29" count="0" type="stmt"/>
        <line num="31" count="0" type="stmt"/>
        <line num="35" count="1" type="stmt"/>
        <line num="37" count="0" type="cond" truecount="0" falsecount="4"/>
        <line num="39" count="0" type="stmt"/>
        <line num="41" count="0" type="stmt"/>
        <line num="43" count="0" type="stmt"/>
        <line num="45" count="0" type="stmt"/>
      </file>
    </package>
    <package name="src.common">
      <metrics statements="28" coveredstatements="7" conditionals="10" coveredconditionals="0" methods="9" coveredmethods="0"/>
      <file name="helpers.ts" path="C:\Users\alazi\OneDrive - EUROPEAN DYNAMICS LUXEMBOURG SA\Desktop\myRepo\GKE-Traffic-Split\scheduler\src\common\helpers.ts">
        <metrics statements="28" coveredstatements="7" conditionals="10" coveredconditionals="0" methods="9" coveredmethods="0"/>
        <line num="2" count="1" type="stmt"/>
        <line num="3" count="1" type="stmt"/>
        <line num="5" count="1" type="stmt"/>
        <line num="9" count="1" type="stmt"/>
        <line num="10" count="0" type="stmt"/>
        <line num="12" count="1" type="stmt"/>
        <line num="13" count="0" type="stmt"/>
        <line num="16" count="1" type="stmt"/>
        <line num="17" count="0" type="stmt"/>
        <line num="18" count="0" type="stmt"/>
        <line num="19" count="0" type="stmt"/>
        <line num="27" count="1" type="stmt"/>
        <line num="31" count="0" type="stmt"/>
        <line num="34" count="0" type="cond" truecount="0" falsecount="2"/>
        <line num="36" count="0" type="stmt"/>
        <line num="38" count="0" type="stmt"/>
        <line num="40" count="0" type="stmt"/>
        <line num="41" count="0" type="cond" truecount="0" falsecount="3"/>
        <line num="45" count="0" type="stmt"/>
        <line num="47" count="0" type="stmt"/>
        <line num="48" count="0" type="cond" truecount="0" falsecount="2"/>
        <line num="52" count="0" type="stmt"/>
        <line num="54" count="0" type="stmt"/>
        <line num="56" count="0" type="stmt"/>
        <line num="58" count="0" type="stmt"/>
        <line num="60" count="0" type="stmt"/>
        <line num="61" count="0" type="cond" truecount="0" falsecount="3"/>
        <line num="67" count="0" type="stmt"/>
      </file>
    </package>
    <package name="src.config">
      <metrics statements="39" coveredstatements="31" conditionals="46" coveredconditionals="30" methods="7" coveredmethods="3"/>
      <file name="config.ts" path="C:\Users\alazi\OneDrive - EUROPEAN DYNAMICS LUXEMBOURG SA\Desktop\myRepo\GKE-Traffic-Split\scheduler\src\config\config.ts">
        <metrics statements="8" coveredstatements="6" conditionals="29" coveredconditionals="17" methods="1" coveredmethods="0"/>
        <line num="1" count="1" type="stmt"/>
        <line num="3" count="1" type="stmt"/>
        <line num="5" count="1" type="stmt"/>
        <line num="8" count="1" type="stmt"/>
        <line num="10" count="1" type="stmt"/>
        <line num="11" count="0" type="cond" truecount="0" falsecount="1"/>
        <line num="12" count="0" type="stmt"/>
        <line num="16" count="1" type="stmt"/>
      </file>
      <file name="k8sClient.ts" path="C:\Users\alazi\OneDrive - EUROPEAN DYNAMICS LUXEMBOURG SA\Desktop\myRepo\GKE-Traffic-Split\scheduler\src\config\k8sClient.ts">
        <metrics statements="16" coveredstatements="15" conditionals="9" coveredconditionals="7" methods="3" coveredmethods="2"/>
        <line num="1" count="1" type="stmt"/>
        <line num="3" count="1" type="stmt"/>
        <line num="4" count="1" type="stmt"/>
        <line num="13" count="5" type="cond" truecount="1" falsecount="0"/>
        <line num="14" count="1" type="stmt"/>
        <line num="18" count="1" type="cond" truecount="1" falsecount="1"/>
        <line num="22" count="5" type="stmt"/>
        <line num="27" count="1" type="stmt"/>
        <line num="31" count="5" type="stmt"/>
        <line num="33" count="5" type="cond" truecount="5" falsecount="1"/>
        <line num="35" count="1" type="stmt"/>
        <line num="37" count="1" type="stmt"/>
        <line num="39" count="1" type="stmt"/>
        <line num="41" count="1" type="stmt"/>
        <line num="43" count="1" type="stmt"/>
        <line num="45" count="0" type="stmt"/>
      </file>
      <file name="logger.ts" path="C:\Users\alazi\OneDrive - EUROPEAN DYNAMICS LUXEMBOURG SA\Desktop\myRepo\GKE-Traffic-Split\scheduler\src\config\logger.ts">
        <metrics statements="15" coveredstatements="10" conditionals="8" coveredconditionals="6" methods="3" coveredmethods="1"/>
        <line num="1" count="4" type="stmt"/>
        <line num="2" count="4" type="stmt"/>
        <line num="4" count="4" type="stmt"/>
        <line num="23" count="81" type="stmt"/>
        <line num="26" count="81" type="cond" truecount="2" falsecount="0"/>
        <line num="29" count="81" type="stmt"/>
        <line num="32" count="81" type="cond" truecount="2" falsecount="0"/>
        <line num="36" count="81" type="stmt"/>
        <line num="41" count="4" type="stmt"/>
        <line num="42" count="0" type="stmt"/>
        <line num="45" count="0" type="stmt"/>
        <line num="46" count="0" type="stmt"/>
        <line num="51" count="4" type="stmt"/>
        <line num="52" count="0" type="stmt"/>
        <line num="59" count="0" type="stmt"/>
      </file>
    </package>
    <package name="src.core.optiScaler">
      <metrics statements="36" coveredstatements="24" conditionals="18" coveredconditionals="5" methods="13" coveredmethods="11"/>
      <file name="mappers.ts" path="C:\Users\alazi\OneDrive - EUROPEAN DYNAMICS LUXEMBOURG SA\Desktop\myRepo\GKE-Traffic-Split\scheduler\src\core\optiScaler\mappers.ts">
        <metrics statements="36" coveredstatements="24" conditionals="18" coveredconditionals="5" methods="13" coveredmethods="11"/>
        <line num="6" count="3" type="stmt"/>
        <line num="8" count="0" type="stmt"/>
        <line num="9" count="0" type="cond" truecount="0" falsecount="2"/>
        <line num="10" count="0" type="stmt"/>
        <line num="11" count="0" type="cond" truecount="0" falsecount="2"/>
        <line num="12" count="0" type="stmt"/>
        <line num="14" count="0" type="cond" truecount="0" falsecount="2"/>
        <line num="15" count="0" type="cond" truecount="0" falsecount="2"/>
        <line num="17" count="0" type="cond" truecount="0" falsecount="2"/>
        <line num="18" count="0" type="cond" truecount="0" falsecount="2"/>
        <line num="20" count="0" type="stmt"/>
        <line num="21" count="0" type="stmt"/>
        <line num="24" count="0" type="stmt"/>
        <line num="30" count="3" type="stmt"/>
        <line num="32" count="12" type="stmt"/>
        <line num="33" count="49" type="cond" truecount="2" falsecount="0"/>
        <line num="34" count="15" type="stmt"/>
        <line num="35" count="34" type="cond" truecount="2" falsecount="0"/>
        <line num="36" count="18" type="stmt"/>
        <line num="38" count="16" type="stmt"/>
        <line num="39" count="16" type="stmt"/>
        <line num="41" count="16" type="stmt"/>
        <line num="42" count="16" type="stmt"/>
        <line num="44" count="16" type="stmt"/>
        <line num="45" count="16" type="stmt"/>
        <line num="48" count="16" type="stmt"/>
        <line num="54" count="15" type="stmt"/>
        <line num="55" count="46" type="stmt"/>
        <line num="61" count="15" type="stmt"/>
        <line num="63" count="15" type="stmt"/>
        <line num="64" count="173" type="stmt"/>
        <line num="66" count="98" type="stmt"/>
        <line num="68" count="55" type="stmt"/>
        <line num="70" count="55" type="stmt"/>
        <line num="72" count="44" type="cond" truecount="1" falsecount="1"/>
        <line num="76" count="15" type="stmt"/>
      </file>
    </package>
    <package name="src.core.optiScaler.services">
      <metrics statements="101" coveredstatements="101" conditionals="34" coveredconditionals="28" methods="39" coveredmethods="39"/>
      <file name="faultTolerance.service.ts" path="C:\Users\alazi\OneDrive - EUROPEAN DYNAMICS LUXEMBOURG SA\Desktop\myRepo\GKE-Traffic-Split\scheduler\src\core\optiScaler\services\faultTolerance.service.ts">
        <metrics statements="101" coveredstatements="101" conditionals="34" coveredconditionals="28" methods="39" coveredmethods="39"/>
        <line num="1" count="3" type="stmt"/>
        <line num="2" count="3" type="stmt"/>
        <line num="9" count="3" type="stmt"/>
        <line num="13" count="36" type="stmt"/>
        <line num="17" count="36" type="stmt"/>
        <line num="18" count="36" type="stmt"/>
        <line num="19" count="36" type="stmt"/>
        <line num="20" count="36" type="stmt"/>
        <line num="22" count="36" type="stmt"/>
        <line num="44" count="9" type="stmt"/>
        <line num="48" count="9" type="stmt"/>
        <line num="49" count="9" type="stmt"/>
        <line num="58" count="9" type="stmt"/>
        <line num="63" count="9" type="stmt"/>
        <line num="68" count="9" type="stmt"/>
        <line num="69" count="9" type="stmt"/>
        <line num="74" count="9" type="stmt"/>
        <line num="79" count="9" type="stmt"/>
        <line num="81" count="9" type="cond" truecount="1" falsecount="0"/>
        <line num="82" count="1" type="stmt"/>
        <line num="83" count="1" type="stmt"/>
        <line num="86" count="8" type="stmt"/>
        <line num="88" count="8" type="cond" truecount="2" falsecount="0"/>
        <line num="90" count="3" type="stmt"/>
        <line num="93" count="8" type="stmt"/>
        <line num="95" count="3" type="stmt"/>
        <line num="101" count="5" type="stmt"/>
        <line num="102" count="5" type="stmt"/>
        <line num="109" count="8" type="stmt"/>
        <line num="111" count="8" type="stmt"/>
        <line num="113" count="13" type="cond" truecount="1" falsecount="1"/>
        <line num="115" count="13" type="cond" truecount="1" falsecount="0"/>
        <line num="116" count="13" type="stmt"/>
        <line num="117" count="13" type="stmt"/>
        <line num="120" count="18" type="stmt"/>
        <line num="122" count="13" type="cond" truecount="2" falsecount="0"/>
        <line num="125" count="9" type="cond" truecount="2" falsecount="0"/>
        <line num="127" count="3" type="stmt"/>
        <line num="129" count="10" type="stmt"/>
        <line num="132" count="4" type="stmt"/>
        <line num="133" count="4" type="stmt"/>
        <line num="139" count="8" type="stmt"/>
        <line num="140" count="8" type="stmt"/>
        <line num="146" count="8" type="stmt"/>
        <line num="164" count="6" type="stmt"/>
        <line num="166" count="18" type="stmt"/>
        <line num="174" count="6" type="stmt"/>
        <line num="179" count="6" type="stmt"/>
        <line num="184" count="6" type="stmt"/>
        <line num="187" count="24" type="stmt"/>
        <line num="190" count="12" type="stmt"/>
        <line num="192" count="6" type="cond" truecount="1" falsecount="0"/>
        <line num="194" count="3" type="stmt"/>
        <line num="195" count="9" type="stmt"/>
        <line num="201" count="3" type="stmt"/>
        <line num="205" count="9" type="stmt"/>
        <line num="208" count="9" type="stmt"/>
        <line num="211" count="3" type="stmt"/>
        <line num="214" count="3" type="stmt"/>
        <line num="231" count="14" type="stmt"/>
        <line num="232" count="46" type="stmt"/>
        <line num="236" count="14" type="cond" truecount="1" falsecount="0"/>
        <line num="237" count="7" type="stmt"/>
        <line num="239" count="7" type="stmt"/>
        <line num="240" count="21" type="cond" truecount="2" falsecount="0"/>
        <line num="243" count="7" type="stmt"/>
        <line num="244" count="10" type="stmt"/>
        <line num="248" count="14" type="stmt"/>
        <line num="262" count="39" type="cond" truecount="2" falsecount="0"/>
        <line num="265" count="17" type="cond" truecount="1" falsecount="0"/>
        <line num="267" count="11" type="stmt"/>
        <line num="270" count="27" type="stmt"/>
        <line num="273" count="11" type="stmt"/>
        <line num="277" count="17" type="stmt"/>
        <line num="299" count="12" type="stmt"/>
        <line num="301" count="12" type="stmt"/>
        <line num="302" count="24" type="stmt"/>
        <line num="303" count="96" type="stmt"/>
        <line num="304" count="42" type="stmt"/>
        <line num="305" count="42" type="cond" truecount="4" falsecount="0"/>
        <line num="306" count="26" type="stmt"/>
        <line num="310" count="12" type="stmt"/>
        <line num="331" count="13" type="cond" truecount="1" falsecount="1"/>
        <line num="334" count="7" type="stmt"/>
        <line num="338" count="13" type="cond" truecount="1" falsecount="1"/>
        <line num="341" count="7" type="cond" truecount="0" falsecount="1"/>
        <line num="344" count="7" type="stmt"/>
        <line num="359" count="16" type="stmt"/>
        <line num="362" count="72" type="cond" truecount="2" falsecount="0"/>
        <line num="363" count="72" type="stmt"/>
        <line num="386" count="10" type="stmt"/>
        <line num="388" count="10" type="stmt"/>
        <line num="389" count="93" type="stmt"/>
        <line num="391" count="27" type="cond" truecount="1" falsecount="0"/>
        <line num="392" count="22" type="stmt"/>
        <line num="399" count="10" type="stmt"/>
        <line num="416" count="18" type="stmt"/>
        <line num="419" count="7" type="stmt"/>
        <line num="423" count="18" type="stmt"/>
        <line num="426" count="7" type="cond" truecount="0" falsecount="1"/>
        <line num="429" count="7" type="stmt"/>
      </file>
    </package>
    <package name="tests.FaultTolerance.data">
      <metrics statements="2" coveredstatements="2" conditionals="0" coveredconditionals="0" methods="0" coveredmethods="0"/>
      <file name="cluster.ts" path="C:\Users\alazi\OneDrive - EUROPEAN DYNAMICS LUXEMBOURG SA\Desktop\myRepo\GKE-Traffic-Split\scheduler\tests\FaultTolerance\data\cluster.ts">
        <metrics statements="1" coveredstatements="1" conditionals="0" coveredconditionals="0" methods="0" coveredmethods="0"/>
        <line num="4" count="3" type="stmt"/>
      </file>
      <file name="deployments.ts" path="C:\Users\alazi\OneDrive - EUROPEAN DYNAMICS LUXEMBOURG SA\Desktop\myRepo\GKE-Traffic-Split\scheduler\tests\FaultTolerance\data\deployments.ts">
        <metrics statements="1" coveredstatements="1" conditionals="0" coveredconditionals="0" methods="0" coveredmethods="0"/>
        <line num="3" count="3" type="stmt"/>
      </file>
    </package>
  </project>
</coverage>
