{"C:\\Users\\alazi\\OneDrive - EUROPEAN DYNAMICS LUXEMBOURG SA\\Desktop\\myRepo\\GKE-Traffic-Split\\scheduler\\src\\enums.ts": {"path":"C:\\Users\\alazi\\OneDrive - EUROPEAN DYNAMICS LUXEMBOURG SA\\Desktop\\myRepo\\GKE-Traffic-Split\\scheduler\\src\\enums.ts","statementMap":{"0":{"start":{"line":1,"column":0},"end":{"line":1,"column":29}},"1":{"start":{"line":3,"column":0},"end":{"line":3,"column":null}},"2":{"start":{"line":4,"column":2},"end":{"line":4,"column":null}},"3":{"start":{"line":5,"column":2},"end":{"line":5,"column":null}},"4":{"start":{"line":6,"column":2},"end":{"line":6,"column":null}},"5":{"start":{"line":9,"column":0},"end":{"line":9,"column":null}},"6":{"start":{"line":10,"column":2},"end":{"line":10,"column":null}},"7":{"start":{"line":11,"column":2},"end":{"line":11,"column":null}},"8":{"start":{"line":14,"column":0},"end":{"line":14,"column":null}},"9":{"start":{"line":15,"column":2},"end":{"line":15,"column":null}},"10":{"start":{"line":16,"column":2},"end":{"line":16,"column":null}},"11":{"start":{"line":17,"column":2},"end":{"line":17,"column":null}},"12":{"start":{"line":18,"column":2},"end":{"line":18,"column":null}},"13":{"start":{"line":21,"column":0},"end":{"line":21,"column":null}},"14":{"start":{"line":22,"column":2},"end":{"line":22,"column":null}},"15":{"start":{"line":25,"column":0},"end":{"line":25,"column":null}},"16":{"start":{"line":26,"column":2},"end":{"line":26,"column":null}},"17":{"start":{"line":27,"column":2},"end":{"line":27,"column":null}},"18":{"start":{"line":28,"column":2},"end":{"line":28,"column":null}}},"fnMap":{"0":{"name":"(anonymous_0)","decl":{"start":{"line":1,"column":0},"end":{"line":1,"column":12}},"loc":{"start":{"line":1,"column":27},"end":{"line":1,"column":30}}},"1":{"name":"(anonymous_1)","decl":{"start":{"line":3,"column":0},"end":{"line":3,"column":12}},"loc":{"start":{"line":3,"column":24},"end":{"line":7,"column":1}}},"2":{"name":"(anonymous_2)","decl":{"start":{"line":9,"column":0},"end":{"line":9,"column":12}},"loc":{"start":{"line":9,"column":21},"end":{"line":12,"column":1}}},"3":{"name":"(anonymous_3)","decl":{"start":{"line":14,"column":0},"end":{"line":14,"column":12}},"loc":{"start":{"line":14,"column":28},"end":{"line":19,"column":1}}},"4":{"name":"(anonymous_4)","decl":{"start":{"line":21,"column":0},"end":{"line":21,"column":12}},"loc":{"start":{"line":21,"column":31},"end":{"line":23,"column":1}}},"5":{"name":"(anonymous_5)","decl":{"start":{"line":25,"column":0},"end":{"line":25,"column":12}},"loc":{"start":{"line":25,"column":23},"end":{"line":29,"column":1}}}},"branchMap":{"0":{"loc":{"start":{"line":1,"column":12},"end":{"line":1,"column":29}},"type":"binary-expr","locations":[{"start":{"line":1,"column":12},"end":{"line":1,"column":27}},{"start":{"line":1,"column":27},"end":{"line":1,"column":29}}]},"1":{"loc":{"start":{"line":3,"column":12},"end":{"line":3,"column":null}},"type":"binary-expr","locations":[{"start":{"line":3,"column":12},"end":{"line":3,"column":24}},{"start":{"line":3,"column":24},"end":{"line":3,"column":null}}]},"2":{"loc":{"start":{"line":9,"column":12},"end":{"line":9,"column":null}},"type":"binary-expr","locations":[{"start":{"line":9,"column":12},"end":{"line":9,"column":21}},{"start":{"line":9,"column":21},"end":{"line":9,"column":null}}]},"3":{"loc":{"start":{"line":14,"column":12},"end":{"line":14,"column":null}},"type":"binary-expr","locations":[{"start":{"line":14,"column":12},"end":{"line":14,"column":28}},{"start":{"line":14,"column":28},"end":{"line":14,"column":null}}]},"4":{"loc":{"start":{"line":21,"column":12},"end":{"line":21,"column":null}},"type":"binary-expr","locations":[{"start":{"line":21,"column":12},"end":{"line":21,"column":31}},{"start":{"line":21,"column":31},"end":{"line":21,"column":null}}]},"5":{"loc":{"start":{"line":25,"column":12},"end":{"line":25,"column":null}},"type":"binary-expr","locations":[{"start":{"line":25,"column":12},"end":{"line":25,"column":23}},{"start":{"line":25,"column":23},"end":{"line":25,"column":null}}]}},"s":{"0":3,"1":3,"2":3,"3":3,"4":3,"5":3,"6":3,"7":3,"8":3,"9":3,"10":3,"11":3,"12":3,"13":3,"14":3,"15":3,"16":3,"17":3,"18":3},"f":{"0":3,"1":3,"2":3,"3":3,"4":3,"5":3},"b":{"0":[3,3],"1":[3,3],"2":[3,3],"3":[3,3],"4":[3,3],"5":[3,3]}}
,"C:\\Users\\alazi\\OneDrive - EUROPEAN DYNAMICS LUXEMBOURG SA\\Desktop\\myRepo\\GKE-Traffic-Split\\scheduler\\src\\adapters\\k8s\\enums.ts": {"path":"C:\\Users\\alazi\\OneDrive - EUROPEAN DYNAMICS LUXEMBOURG SA\\Desktop\\myRepo\\GKE-Traffic-Split\\scheduler\\src\\adapters\\k8s\\enums.ts","statementMap":{"0":{"start":{"line":1,"column":0},"end":{"line":1,"column":null}},"1":{"start":{"line":2,"column":2},"end":{"line":2,"column":null}},"2":{"start":{"line":3,"column":2},"end":{"line":3,"column":null}},"3":{"start":{"line":4,"column":2},"end":{"line":4,"column":null}},"4":{"start":{"line":5,"column":2},"end":{"line":5,"column":null}},"5":{"start":{"line":6,"column":2},"end":{"line":6,"column":null}}},"fnMap":{"0":{"name":"(anonymous_0)","decl":{"start":{"line":1,"column":0},"end":{"line":1,"column":12}},"loc":{"start":{"line":1,"column":28},"end":{"line":7,"column":1}}}},"branchMap":{"0":{"loc":{"start":{"line":1,"column":12},"end":{"line":1,"column":null}},"type":"binary-expr","locations":[{"start":{"line":1,"column":12},"end":{"line":1,"column":28}},{"start":{"line":1,"column":28},"end":{"line":1,"column":null}}]}},"s":{"0":1,"1":1,"2":1,"3":1,"4":1,"5":1},"f":{"0":1},"b":{"0":[1,1]}}
,"C:\\Users\\alazi\\OneDrive - EUROPEAN DYNAMICS LUXEMBOURG SA\\Desktop\\myRepo\\GKE-Traffic-Split\\scheduler\\src\\adapters\\k8s\\index.ts": {"path":"C:\\Users\\alazi\\OneDrive - EUROPEAN DYNAMICS LUXEMBOURG SA\\Desktop\\myRepo\\GKE-Traffic-Split\\scheduler\\src\\adapters\\k8s\\index.ts","statementMap":{"0":{"start":{"line":1,"column":0},"end":{"line":1,"column":43}},"1":{"start":{"line":2,"column":0},"end":{"line":2,"column":37}},"2":{"start":{"line":3,"column":0},"end":{"line":3,"column":62}},"3":{"start":{"line":4,"column":0},"end":{"line":4,"column":60}},"4":{"start":{"line":5,"column":0},"end":{"line":5,"column":64}},"5":{"start":{"line":6,"column":0},"end":{"line":6,"column":54}},"6":{"start":{"line":7,"column":0},"end":{"line":7,"column":52}},"7":{"start":{"line":8,"column":0},"end":{"line":8,"column":63}},"8":{"start":{"line":9,"column":0},"end":{"line":9,"column":81}},"9":{"start":{"line":10,"column":0},"end":{"line":10,"column":45}},"10":{"start":{"line":11,"column":0},"end":{"line":11,"column":61}},"11":{"start":{"line":12,"column":0},"end":{"line":12,"column":45}},"12":{"start":{"line":26,"column":48},"end":{"line":26,"column":62}},"13":{"start":{"line":29,"column":25},"end":{"line":29,"column":95}},"14":{"start":{"line":31,"column":23},"end":{"line":31,"column":92}},"15":{"start":{"line":33,"column":25},"end":{"line":33,"column":107}},"16":{"start":{"line":35,"column":23},"end":{"line":35,"column":92}},"17":{"start":{"line":37,"column":31},"end":{"line":37,"column":117}},"18":{"start":{"line":39,"column":4},"end":{"line":39,"column":90}},"19":{"start":{"line":40,"column":4},"end":{"line":40,"column":61}},"20":{"start":{"line":41,"column":4},"end":{"line":41,"column":74}},"21":{"start":{"line":42,"column":4},"end":{"line":42,"column":56}},"22":{"start":{"line":43,"column":4},"end":{"line":43,"column":42}},"23":{"start":{"line":44,"column":4},"end":{"line":44,"column":44}},"24":{"start":{"line":48,"column":18},"end":{"line":48,"column":44}},"25":{"start":{"line":50,"column":19},"end":{"line":50,"column":56}},"26":{"start":{"line":51,"column":20},"end":{"line":54,"column":6}},"27":{"start":{"line":52,"column":19},"end":{"line":52,"column":35}},"28":{"start":{"line":53,"column":6},"end":{"line":53,"column":44}},"29":{"start":{"line":56,"column":4},"end":{"line":58,"column":7}},"30":{"start":{"line":57,"column":6},"end":{"line":57,"column":54}},"31":{"start":{"line":73,"column":4},"end":{"line":73,"column":42}},"32":{"start":{"line":77,"column":4},"end":{"line":77,"column":53}},"33":{"start":{"line":93,"column":4},"end":{"line":93,"column":49}},"34":{"start":{"line":103,"column":4},"end":{"line":103,"column":72}},"35":{"start":{"line":120,"column":18},"end":{"line":120,"column":56}},"36":{"start":{"line":121,"column":4},"end":{"line":121,"column":43}},"37":{"start":{"line":124,"column":4},"end":{"line":124,"column":74}},"38":{"start":{"line":127,"column":21},"end":{"line":127,"column":30}},"39":{"start":{"line":128,"column":4},"end":{"line":128,"column":49}},"40":{"start":{"line":133,"column":4},"end":{"line":133,"column":38}},"41":{"start":{"line":136,"column":4},"end":{"line":136,"column":77}},"42":{"start":{"line":140,"column":37},"end":{"line":143,"column":6}},"43":{"start":{"line":144,"column":25},"end":{"line":146,"column":null}},"44":{"start":{"line":149,"column":4},"end":{"line":149,"column":24}},"45":{"start":{"line":162,"column":20},"end":{"line":162,"column":59}},"46":{"start":{"line":165,"column":4},"end":{"line":168,"column":5}},"47":{"start":{"line":166,"column":6},"end":{"line":166,"column":79}},"48":{"start":{"line":167,"column":6},"end":{"line":167,"column":13}},"49":{"start":{"line":171,"column":23},"end":{"line":171,"column":60}},"50":{"start":{"line":174,"column":4},"end":{"line":174,"column":62}},"51":{"start":{"line":178,"column":18},"end":{"line":178,"column":44}},"52":{"start":{"line":180,"column":26},"end":{"line":180,"column":60}},"53":{"start":{"line":182,"column":4},"end":{"line":182,"column":25}},"54":{"start":{"line":193,"column":4},"end":{"line":193,"column":42}},"55":{"start":{"line":210,"column":18},"end":{"line":210,"column":54}},"56":{"start":{"line":213,"column":32},"end":{"line":218,"column":null}},"57":{"start":{"line":216,"column":8},"end":{"line":218,"column":43}},"58":{"start":{"line":222,"column":4},"end":{"line":222,"column":31}},"59":{"start":{"line":236,"column":4},"end":{"line":236,"column":43}},"60":{"start":{"line":250,"column":45},"end":{"line":257,"column":6}},"61":{"start":{"line":260,"column":4},"end":{"line":262,"column":5}},"62":{"start":{"line":261,"column":6},"end":{"line":261,"column":13}},"63":{"start":{"line":265,"column":69},"end":{"line":265,"column":71}},"64":{"start":{"line":268,"column":4},"end":{"line":303,"column":5}},"65":{"start":{"line":269,"column":29},"end":{"line":269,"column":67}},"66":{"start":{"line":272,"column":6},"end":{"line":274,"column":7}},"67":{"start":{"line":273,"column":8},"end":{"line":273,"column":46}},"68":{"start":{"line":277,"column":17},"end":{"line":278,"column":null}},"69":{"start":{"line":278,"column":8},"end":{"line":278,"column":115}},"70":{"start":{"line":278,"column":54},"end":{"line":278,"column":114}},"71":{"start":{"line":282,"column":6},"end":{"line":302,"column":7}},"72":{"start":{"line":283,"column":31},"end":{"line":283,"column":60}},"73":{"start":{"line":286,"column":22},"end":{"line":287,"column":null}},"74":{"start":{"line":287,"column":10},"end":{"line":287,"column":118}},"75":{"start":{"line":287,"column":57},"end":{"line":287,"column":117}},"76":{"start":{"line":291,"column":8},"end":{"line":298,"column":11}},"77":{"start":{"line":292,"column":26},"end":{"line":292,"column":57}},"78":{"start":{"line":293,"column":23},"end":{"line":293,"column":54}},"79":{"start":{"line":294,"column":10},"end":{"line":297,"column":13}},"80":{"start":{"line":301,"column":8},"end":{"line":301,"column":100}},"81":{"start":{"line":301,"column":55},"end":{"line":301,"column":98}},"82":{"start":{"line":305,"column":4},"end":{"line":305,"column":28}},"83":{"start":{"line":19,"column":0},"end":{"line":19,"column":13}}},"fnMap":{"0":{"name":"(anonymous_0)","decl":{"start":{"line":28,"column":2},"end":{"line":28,"column":null}},"loc":{"start":{"line":28,"column":2},"end":{"line":45,"column":3}}},"1":{"name":"(anonymous_1)","decl":{"start":{"line":47,"column":2},"end":{"line":47,"column":7}},"loc":{"start":{"line":47,"column":25},"end":{"line":59,"column":3}}},"2":{"name":"(anonymous_2)","decl":{"start":{"line":51,"column":31},"end":{"line":51,"column":36}},"loc":{"start":{"line":51,"column":43},"end":{"line":54,"column":5}}},"3":{"name":"(anonymous_3)","decl":{"start":{"line":56,"column":31},"end":{"line":56,"column":32}},"loc":{"start":{"line":56,"column":41},"end":{"line":58,"column":5}}},"4":{"name":"(anonymous_4)","decl":{"start":{"line":72,"column":2},"end":{"line":72,"column":7}},"loc":{"start":{"line":72,"column":56},"end":{"line":74,"column":3}}},"5":{"name":"(anonymous_5)","decl":{"start":{"line":76,"column":2},"end":{"line":76,"column":7}},"loc":{"start":{"line":76,"column":58},"end":{"line":78,"column":3}}},"6":{"name":"(anonymous_6)","decl":{"start":{"line":92,"column":2},"end":{"line":92,"column":7}},"loc":{"start":{"line":92,"column":47},"end":{"line":94,"column":3}}},"7":{"name":"(anonymous_7)","decl":{"start":{"line":102,"column":2},"end":{"line":102,"column":7}},"loc":{"start":{"line":102,"column":70},"end":{"line":104,"column":3}}},"8":{"name":"(anonymous_8)","decl":{"start":{"line":118,"column":2},"end":{"line":118,"column":7}},"loc":{"start":{"line":118,"column":90},"end":{"line":129,"column":3}}},"9":{"name":"(anonymous_9)","decl":{"start":{"line":131,"column":2},"end":{"line":131,"column":7}},"loc":{"start":{"line":131,"column":86},"end":{"line":137,"column":3}}},"10":{"name":"(anonymous_10)","decl":{"start":{"line":139,"column":2},"end":{"line":139,"column":24}},"loc":{"start":{"line":139,"column":61},"end":{"line":150,"column":3}}},"11":{"name":"(anonymous_11)","decl":{"start":{"line":160,"column":2},"end":{"line":160,"column":7}},"loc":{"start":{"line":160,"column":40},"end":{"line":175,"column":3}}},"12":{"name":"(anonymous_12)","decl":{"start":{"line":177,"column":2},"end":{"line":177,"column":7}},"loc":{"start":{"line":177,"column":26},"end":{"line":183,"column":3}}},"13":{"name":"(anonymous_13)","decl":{"start":{"line":192,"column":2},"end":{"line":192,"column":7}},"loc":{"start":{"line":192,"column":23},"end":{"line":194,"column":3}}},"14":{"name":"(anonymous_14)","decl":{"start":{"line":208,"column":2},"end":{"line":208,"column":7}},"loc":{"start":{"line":208,"column":54},"end":{"line":223,"column":3}}},"15":{"name":"(anonymous_15)","decl":{"start":{"line":214,"column":6},"end":{"line":214,"column":7}},"loc":{"start":{"line":216,"column":8},"end":{"line":218,"column":43}}},"16":{"name":"(anonymous_16)","decl":{"start":{"line":235,"column":2},"end":{"line":235,"column":7}},"loc":{"start":{"line":235,"column":44},"end":{"line":237,"column":3}}},"17":{"name":"(anonymous_17)","decl":{"start":{"line":248,"column":2},"end":{"line":248,"column":7}},"loc":{"start":{"line":248,"column":43},"end":{"line":306,"column":3}}},"18":{"name":"(anonymous_18)","decl":{"start":{"line":277,"column":36},"end":{"line":277,"column":37}},"loc":{"start":{"line":278,"column":8},"end":{"line":278,"column":115}}},"19":{"name":"(anonymous_19)","decl":{"start":{"line":278,"column":43},"end":{"line":278,"column":44}},"loc":{"start":{"line":278,"column":54},"end":{"line":278,"column":114}}},"20":{"name":"(anonymous_20)","decl":{"start":{"line":286,"column":34},"end":{"line":286,"column":35}},"loc":{"start":{"line":287,"column":10},"end":{"line":287,"column":118}}},"21":{"name":"(anonymous_21)","decl":{"start":{"line":287,"column":46},"end":{"line":287,"column":47}},"loc":{"start":{"line":287,"column":57},"end":{"line":287,"column":117}}},"22":{"name":"(anonymous_22)","decl":{"start":{"line":291,"column":22},"end":{"line":291,"column":23}},"loc":{"start":{"line":291,"column":30},"end":{"line":298,"column":9}}},"23":{"name":"(anonymous_23)","decl":{"start":{"line":301,"column":48},"end":{"line":301,"column":49}},"loc":{"start":{"line":301,"column":55},"end":{"line":301,"column":98}}}},"branchMap":{"0":{"loc":{"start":{"line":165,"column":4},"end":{"line":168,"column":5}},"type":"if","locations":[{"start":{"line":165,"column":4},"end":{"line":168,"column":5}}]},"1":{"loc":{"start":{"line":216,"column":8},"end":{"line":218,"column":43}},"type":"binary-expr","locations":[{"start":{"line":216,"column":8},"end":{"line":216,"column":37}},{"start":{"line":218,"column":8},"end":{"line":218,"column":43}}]},"2":{"loc":{"start":{"line":260,"column":4},"end":{"line":262,"column":5}},"type":"if","locations":[{"start":{"line":260,"column":4},"end":{"line":262,"column":5}}]},"3":{"loc":{"start":{"line":260,"column":8},"end":{"line":260,"column":45}},"type":"binary-expr","locations":[{"start":{"line":260,"column":8},"end":{"line":260,"column":20}},{"start":{"line":260,"column":24},"end":{"line":260,"column":36}},{"start":{"line":260,"column":40},"end":{"line":260,"column":45}}]},"4":{"loc":{"start":{"line":269,"column":29},"end":{"line":269,"column":67}},"type":"binary-expr","locations":[{"start":{"line":269,"column":29},"end":{"line":269,"column":54}},{"start":{"line":269,"column":58},"end":{"line":269,"column":67}}]},"5":{"loc":{"start":{"line":272,"column":6},"end":{"line":274,"column":7}},"type":"if","locations":[{"start":{"line":272,"column":6},"end":{"line":274,"column":7}}]},"6":{"loc":{"start":{"line":278,"column":54},"end":{"line":278,"column":114}},"type":"binary-expr","locations":[{"start":{"line":278,"column":54},"end":{"line":278,"column":81}},{"start":{"line":278,"column":85},"end":{"line":278,"column":114}}]},"7":{"loc":{"start":{"line":283,"column":31},"end":{"line":283,"column":60}},"type":"binary-expr","locations":[{"start":{"line":283,"column":31},"end":{"line":283,"column":47}},{"start":{"line":283,"column":51},"end":{"line":283,"column":60}}]},"8":{"loc":{"start":{"line":287,"column":57},"end":{"line":287,"column":117}},"type":"binary-expr","locations":[{"start":{"line":287,"column":57},"end":{"line":287,"column":84}},{"start":{"line":287,"column":88},"end":{"line":287,"column":117}}]},"9":{"loc":{"start":{"line":292,"column":26},"end":{"line":292,"column":57}},"type":"binary-expr","locations":[{"start":{"line":292,"column":26},"end":{"line":292,"column":44}},{"start":{"line":292,"column":48},"end":{"line":292,"column":57}}]},"10":{"loc":{"start":{"line":293,"column":23},"end":{"line":293,"column":54}},"type":"binary-expr","locations":[{"start":{"line":293,"column":23},"end":{"line":293,"column":41}},{"start":{"line":293,"column":45},"end":{"line":293,"column":54}}]},"11":{"loc":{"start":{"line":301,"column":55},"end":{"line":301,"column":98}},"type":"binary-expr","locations":[{"start":{"line":301,"column":55},"end":{"line":301,"column":75}},{"start":{"line":301,"column":79},"end":{"line":301,"column":98}}]}},"s":{"0":1,"1":1,"2":1,"3":1,"4":1,"5":1,"6":1,"7":1,"8":1,"9":1,"10":1,"11":1,"12":1,"13":1,"14":1,"15":1,"16":1,"17":1,"18":1,"19":1,"20":1,"21":1,"22":1,"23":1,"24":0,"25":0,"26":0,"27":0,"28":0,"29":0,"30":0,"31":0,"32":0,"33":0,"34":0,"35":0,"36":0,"37":0,"38":0,"39":0,"40":0,"41":0,"42":0,"43":0,"44":0,"45":0,"46":0,"47":0,"48":0,"49":0,"50":0,"51":0,"52":0,"53":0,"54":0,"55":0,"56":0,"57":0,"58":0,"59":0,"60":0,"61":0,"62":0,"63":0,"64":0,"65":0,"66":0,"67":0,"68":0,"69":0,"70":0,"71":0,"72":0,"73":0,"74":0,"75":0,"76":0,"77":0,"78":0,"79":0,"80":0,"81":0,"82":0,"83":1},"f":{"0":1,"1":0,"2":0,"3":0,"4":0,"5":0,"6":0,"7":0,"8":0,"9":0,"10":0,"11":0,"12":0,"13":0,"14":0,"15":0,"16":0,"17":0,"18":0,"19":0,"20":0,"21":0,"22":0,"23":0},"b":{"0":[0],"1":[0,0],"2":[0],"3":[0,0,0],"4":[0,0],"5":[0],"6":[0,0],"7":[0,0],"8":[0,0],"9":[0,0],"10":[0,0],"11":[0,0]}}
,"C:\\Users\\alazi\\OneDrive - EUROPEAN DYNAMICS LUXEMBOURG SA\\Desktop\\myRepo\\GKE-Traffic-Split\\scheduler\\src\\adapters\\k8s\\mapper.ts": {"path":"C:\\Users\\alazi\\OneDrive - EUROPEAN DYNAMICS LUXEMBOURG SA\\Desktop\\myRepo\\GKE-Traffic-Split\\scheduler\\src\\adapters\\k8s\\mapper.ts","statementMap":{"0":{"start":{"line":1,"column":0},"end":{"line":1,"column":70}},"1":{"start":{"line":2,"column":0},"end":{"line":2,"column":43}},"2":{"start":{"line":17,"column":18},"end":{"line":206,"column":2}},"3":{"start":{"line":19,"column":4},"end":{"line":25,"column":7}},"4":{"start":{"line":20,"column":6},"end":{"line":24,"column":8}},"5":{"start":{"line":28,"column":50},"end":{"line":28,"column":52}},"6":{"start":{"line":30,"column":4},"end":{"line":35,"column":7}},"7":{"start":{"line":31,"column":6},"end":{"line":33,"column":8}},"8":{"start":{"line":34,"column":6},"end":{"line":34,"column":58}},"9":{"start":{"line":37,"column":4},"end":{"line":37,"column":30}},"10":{"start":{"line":80,"column":26},"end":{"line":80,"column":68}},"11":{"start":{"line":80,"column":56},"end":{"line":80,"column":66}},"12":{"start":{"line":82,"column":4},"end":{"line":87,"column":6}},"13":{"start":{"line":83,"column":62},"end":{"line":86,"column":8}},"14":{"start":{"line":85,"column":26},"end":{"line":85,"column":52}},"15":{"start":{"line":89,"column":94},"end":{"line":93,"column":4}},"16":{"start":{"line":94,"column":85},"end":{"line":101,"column":4}},"17":{"start":{"line":102,"column":58},"end":{"line":105,"column":4}},"18":{"start":{"line":107,"column":4},"end":{"line":109,"column":8}},"19":{"start":{"line":107,"column":32},"end":{"line":109,"column":6}},"20":{"start":{"line":112,"column":40},"end":{"line":112,"column":42}},"21":{"start":{"line":115,"column":4},"end":{"line":130,"column":7}},"22":{"start":{"line":116,"column":6},"end":{"line":129,"column":9}},"23":{"start":{"line":118,"column":32},"end":{"line":122,"column":12}},"24":{"start":{"line":119,"column":10},"end":{"line":120,"column":null}},"25":{"start":{"line":120,"column":12},"end":{"line":120,"column":107}},"26":{"start":{"line":120,"column":46},"end":{"line":120,"column":106}},"27":{"start":{"line":124,"column":8},"end":{"line":128,"column":11}},"28":{"start":{"line":132,"column":4},"end":{"line":132,"column":65}},"29":{"start":{"line":132,"column":44},"end":{"line":132,"column":63}},"30":{"start":{"line":136,"column":4},"end":{"line":170,"column":7}},"31":{"start":{"line":137,"column":23},"end":{"line":140,"column":8}},"32":{"start":{"line":142,"column":26},"end":{"line":145,"column":8}},"33":{"start":{"line":147,"column":24},"end":{"line":150,"column":8}},"34":{"start":{"line":152,"column":21},"end":{"line":155,"column":8}},"35":{"start":{"line":157,"column":6},"end":{"line":169,"column":8}},"36":{"start":{"line":174,"column":4},"end":{"line":204,"column":7}},"37":{"start":{"line":175,"column":23},"end":{"line":175,"column":58}},"38":{"start":{"line":176,"column":23},"end":{"line":176,"column":70}},"39":{"start":{"line":177,"column":23},"end":{"line":177,"column":56}},"40":{"start":{"line":178,"column":23},"end":{"line":178,"column":68}},"41":{"start":{"line":180,"column":28},"end":{"line":180,"column":47}},"42":{"start":{"line":181,"column":28},"end":{"line":181,"column":47}},"43":{"start":{"line":183,"column":6},"end":{"line":203,"column":8}},"44":{"start":{"line":208,"column":9},"end":{"line":208,"column":18}}},"fnMap":{"0":{"name":"(anonymous_0)","decl":{"start":{"line":18,"column":21},"end":{"line":18,"column":22}},"loc":{"start":{"line":18,"column":64},"end":{"line":26,"column":3}}},"1":{"name":"(anonymous_1)","decl":{"start":{"line":19,"column":21},"end":{"line":19,"column":22}},"loc":{"start":{"line":19,"column":30},"end":{"line":25,"column":5}}},"2":{"name":"(anonymous_2)","decl":{"start":{"line":27,"column":23},"end":{"line":27,"column":24}},"loc":{"start":{"line":27,"column":73},"end":{"line":38,"column":3}}},"3":{"name":"(anonymous_3)","decl":{"start":{"line":30,"column":20},"end":{"line":30,"column":21}},"loc":{"start":{"line":30,"column":29},"end":{"line":35,"column":5}}},"4":{"name":"(anonymous_4)","decl":{"start":{"line":79,"column":23},"end":{"line":79,"column":24}},"loc":{"start":{"line":79,"column":118},"end":{"line":88,"column":3}}},"5":{"name":"(anonymous_5)","decl":{"start":{"line":80,"column":49},"end":{"line":80,"column":50}},"loc":{"start":{"line":80,"column":56},"end":{"line":80,"column":66}}},"6":{"name":"(anonymous_6)","decl":{"start":{"line":83,"column":38},"end":{"line":83,"column":39}},"loc":{"start":{"line":83,"column":62},"end":{"line":86,"column":8}}},"7":{"name":"(anonymous_7)","decl":{"start":{"line":85,"column":17},"end":{"line":85,"column":18}},"loc":{"start":{"line":85,"column":26},"end":{"line":85,"column":52}}},"8":{"name":"(anonymous_8)","decl":{"start":{"line":89,"column":21},"end":{"line":89,"column":22}},"loc":{"start":{"line":89,"column":94},"end":{"line":93,"column":4}}},"9":{"name":"(anonymous_9)","decl":{"start":{"line":94,"column":15},"end":{"line":94,"column":16}},"loc":{"start":{"line":94,"column":85},"end":{"line":101,"column":4}}},"10":{"name":"(anonymous_10)","decl":{"start":{"line":102,"column":16},"end":{"line":102,"column":17}},"loc":{"start":{"line":102,"column":58},"end":{"line":105,"column":4}}},"11":{"name":"(anonymous_11)","decl":{"start":{"line":106,"column":24},"end":{"line":106,"column":25}},"loc":{"start":{"line":106,"column":77},"end":{"line":110,"column":3}}},"12":{"name":"(anonymous_12)","decl":{"start":{"line":107,"column":21},"end":{"line":107,"column":22}},"loc":{"start":{"line":107,"column":32},"end":{"line":109,"column":6}}},"13":{"name":"(anonymous_13)","decl":{"start":{"line":111,"column":17},"end":{"line":111,"column":18}},"loc":{"start":{"line":111,"column":97},"end":{"line":133,"column":3}}},"14":{"name":"(anonymous_14)","decl":{"start":{"line":115,"column":20},"end":{"line":115,"column":21}},"loc":{"start":{"line":115,"column":33},"end":{"line":130,"column":5}}},"15":{"name":"(anonymous_15)","decl":{"start":{"line":116,"column":22},"end":{"line":116,"column":23}},"loc":{"start":{"line":116,"column":33},"end":{"line":129,"column":7}}},"16":{"name":"(anonymous_16)","decl":{"start":{"line":118,"column":50},"end":{"line":118,"column":51}},"loc":{"start":{"line":119,"column":10},"end":{"line":120,"column":null}}},"17":{"name":"(anonymous_17)","decl":{"start":{"line":119,"column":40},"end":{"line":119,"column":41}},"loc":{"start":{"line":120,"column":12},"end":{"line":120,"column":107}}},"18":{"name":"(anonymous_18)","decl":{"start":{"line":120,"column":33},"end":{"line":120,"column":34}},"loc":{"start":{"line":120,"column":46},"end":{"line":120,"column":106}}},"19":{"name":"(anonymous_19)","decl":{"start":{"line":132,"column":31},"end":{"line":132,"column":32}},"loc":{"start":{"line":132,"column":44},"end":{"line":132,"column":63}}},"20":{"name":"(anonymous_20)","decl":{"start":{"line":134,"column":19},"end":{"line":134,"column":20}},"loc":{"start":{"line":134,"column":62},"end":{"line":171,"column":3}}},"21":{"name":"(anonymous_21)","decl":{"start":{"line":136,"column":21},"end":{"line":136,"column":22}},"loc":{"start":{"line":136,"column":30},"end":{"line":170,"column":5}}},"22":{"name":"(anonymous_22)","decl":{"start":{"line":172,"column":18},"end":{"line":172,"column":19}},"loc":{"start":{"line":172,"column":82},"end":{"line":205,"column":3}}},"23":{"name":"(anonymous_23)","decl":{"start":{"line":174,"column":20},"end":{"line":174,"column":21}},"loc":{"start":{"line":174,"column":28},"end":{"line":204,"column":5}}}},"branchMap":{"0":{"loc":{"start":{"line":31,"column":38},"end":{"line":33,"column":8}},"type":"binary-expr","locations":[{"start":{"line":31,"column":38},"end":{"line":31,"column":67}},{"start":{"line":31,"column":71},"end":{"line":33,"column":8}}]},"1":{"loc":{"start":{"line":120,"column":46},"end":{"line":120,"column":106}},"type":"binary-expr","locations":[{"start":{"line":120,"column":46},"end":{"line":120,"column":76}},{"start":{"line":120,"column":80},"end":{"line":120,"column":106}}]},"2":{"loc":{"start":{"line":127,"column":19},"end":{"line":127,"column":64}},"type":"cond-expr","locations":[{"start":{"line":127,"column":37},"end":{"line":127,"column":60}},{"start":{"line":127,"column":63},"end":{"line":127,"column":64}}]},"3":{"loc":{"start":{"line":159,"column":14},"end":{"line":159,"column":85}},"type":"binary-expr","locations":[{"start":{"line":159,"column":14},"end":{"line":159,"column":72}},{"start":{"line":159,"column":76},"end":{"line":159,"column":85}}]}},"s":{"0":1,"1":1,"2":1,"3":0,"4":0,"5":0,"6":0,"7":0,"8":0,"9":0,"10":0,"11":0,"12":0,"13":0,"14":0,"15":0,"16":0,"17":0,"18":0,"19":0,"20":0,"21":0,"22":0,"23":0,"24":0,"25":0,"26":0,"27":0,"28":0,"29":0,"30":0,"31":0,"32":0,"33":0,"34":0,"35":0,"36":0,"37":0,"38":0,"39":0,"40":0,"41":0,"42":0,"43":0,"44":1},"f":{"0":0,"1":0,"2":0,"3":0,"4":0,"5":0,"6":0,"7":0,"8":0,"9":0,"10":0,"11":0,"12":0,"13":0,"14":0,"15":0,"16":0,"17":0,"18":0,"19":0,"20":0,"21":0,"22":0,"23":0},"b":{"0":[0,0],"1":[0,0],"2":[0,0],"3":[0,0]}}
,"C:\\Users\\alazi\\OneDrive - EUROPEAN DYNAMICS LUXEMBOURG SA\\Desktop\\myRepo\\GKE-Traffic-Split\\scheduler\\src\\adapters\\k8s\\utils.ts": {"path":"C:\\Users\\alazi\\OneDrive - EUROPEAN DYNAMICS LUXEMBOURG SA\\Desktop\\myRepo\\GKE-Traffic-Split\\scheduler\\src\\adapters\\k8s\\utils.ts","statementMap":{"0":{"start":{"line":11,"column":41},"end":{"line":42,"column":1}},"1":{"start":{"line":12,"column":49},"end":{"line":12,"column":51}},"2":{"start":{"line":14,"column":2},"end":{"line":39,"column":3}},"3":{"start":{"line":15,"column":55},"end":{"line":15,"column":57}},"4":{"start":{"line":16,"column":54},"end":{"line":16,"column":56}},"5":{"start":{"line":18,"column":4},"end":{"line":33,"column":7}},"6":{"start":{"line":19,"column":6},"end":{"line":21,"column":7}},"7":{"start":{"line":20,"column":8},"end":{"line":20,"column":34}},"8":{"start":{"line":23,"column":6},"end":{"line":32,"column":7}},"9":{"start":{"line":24,"column":8},"end":{"line":24,"column":50}},"10":{"start":{"line":25,"column":8},"end":{"line":25,"column":63}},"11":{"start":{"line":26,"column":13},"end":{"line":32,"column":7}},"12":{"start":{"line":27,"column":8},"end":{"line":27,"column":53}},"13":{"start":{"line":28,"column":8},"end":{"line":28,"column":63}},"14":{"start":{"line":30,"column":8},"end":{"line":30,"column":59}},"15":{"start":{"line":31,"column":8},"end":{"line":31,"column":63}},"16":{"start":{"line":35,"column":4},"end":{"line":38,"column":8}},"17":{"start":{"line":35,"column":93},"end":{"line":38,"column":6}},"18":{"start":{"line":41,"column":2},"end":{"line":41,"column":27}},"19":{"start":{"line":11,"column":13},"end":{"line":11,"column":41}},"20":{"start":{"line":62,"column":41},"end":{"line":94,"column":1}},"21":{"start":{"line":66,"column":53},"end":{"line":66,"column":55}},"22":{"start":{"line":67,"column":52},"end":{"line":67,"column":54}},"23":{"start":{"line":69,"column":2},"end":{"line":80,"column":3}},"24":{"start":{"line":71,"column":32},"end":{"line":71,"column":90}},"25":{"start":{"line":71,"column":62},"end":{"line":71,"column":89}},"26":{"start":{"line":72,"column":4},"end":{"line":75,"column":5}},"27":{"start":{"line":73,"column":6},"end":{"line":73,"column":48}},"28":{"start":{"line":74,"column":6},"end":{"line":74,"column":15}},"29":{"start":{"line":77,"column":32},"end":{"line":77,"column":90}},"30":{"start":{"line":77,"column":62},"end":{"line":77,"column":89}},"31":{"start":{"line":79,"column":4},"end":{"line":79,"column":70}},"32":{"start":{"line":79,"column":29},"end":{"line":79,"column":70}},"33":{"start":{"line":82,"column":36},"end":{"line":83,"column":null}},"34":{"start":{"line":83,"column":64},"end":{"line":83,"column":80}},"35":{"start":{"line":86,"column":35},"end":{"line":87,"column":null}},"36":{"start":{"line":87,"column":63},"end":{"line":87,"column":79}},"37":{"start":{"line":90,"column":2},"end":{"line":93,"column":4}},"38":{"start":{"line":62,"column":13},"end":{"line":62,"column":41}}},"fnMap":{"0":{"name":"(anonymous_0)","decl":{"start":{"line":11,"column":41},"end":{"line":11,"column":42}},"loc":{"start":{"line":11,"column":112},"end":{"line":42,"column":1}}},"1":{"name":"(anonymous_1)","decl":{"start":{"line":18,"column":24},"end":{"line":18,"column":25}},"loc":{"start":{"line":18,"column":51},"end":{"line":33,"column":5}}},"2":{"name":"(anonymous_2)","decl":{"start":{"line":35,"column":72},"end":{"line":35,"column":73}},"loc":{"start":{"line":35,"column":93},"end":{"line":38,"column":6}}},"3":{"name":"(anonymous_3)","decl":{"start":{"line":62,"column":41},"end":{"line":62,"column":null}},"loc":{"start":{"line":65,"column":34},"end":{"line":94,"column":1}}},"4":{"name":"(anonymous_4)","decl":{"start":{"line":71,"column":43},"end":{"line":71,"column":44}},"loc":{"start":{"line":71,"column":62},"end":{"line":71,"column":89}}},"5":{"name":"(anonymous_5)","decl":{"start":{"line":77,"column":43},"end":{"line":77,"column":44}},"loc":{"start":{"line":77,"column":62},"end":{"line":77,"column":89}}},"6":{"name":"(anonymous_6)","decl":{"start":{"line":83,"column":49},"end":{"line":83,"column":50}},"loc":{"start":{"line":83,"column":64},"end":{"line":83,"column":80}}},"7":{"name":"(anonymous_7)","decl":{"start":{"line":87,"column":48},"end":{"line":87,"column":49}},"loc":{"start":{"line":87,"column":63},"end":{"line":87,"column":79}}}},"branchMap":{"0":{"loc":{"start":{"line":19,"column":6},"end":{"line":21,"column":7}},"type":"if","locations":[{"start":{"line":19,"column":6},"end":{"line":21,"column":7}}]},"1":{"loc":{"start":{"line":23,"column":6},"end":{"line":32,"column":7}},"type":"if","locations":[{"start":{"line":23,"column":6},"end":{"line":32,"column":7}},{"start":{"line":26,"column":13},"end":{"line":32,"column":7}}]},"2":{"loc":{"start":{"line":25,"column":32},"end":{"line":25,"column":57}},"type":"binary-expr","locations":[{"start":{"line":25,"column":32},"end":{"line":25,"column":52}},{"start":{"line":25,"column":56},"end":{"line":25,"column":57}}]},"3":{"loc":{"start":{"line":26,"column":13},"end":{"line":32,"column":7}},"type":"if","locations":[{"start":{"line":26,"column":13},"end":{"line":32,"column":7}},{"start":{"line":29,"column":13},"end":{"line":32,"column":7}}]},"4":{"loc":{"start":{"line":28,"column":32},"end":{"line":28,"column":57}},"type":"binary-expr","locations":[{"start":{"line":28,"column":32},"end":{"line":28,"column":52}},{"start":{"line":28,"column":56},"end":{"line":28,"column":57}}]},"5":{"loc":{"start":{"line":31,"column":32},"end":{"line":31,"column":57}},"type":"binary-expr","locations":[{"start":{"line":31,"column":32},"end":{"line":31,"column":52}},{"start":{"line":31,"column":56},"end":{"line":31,"column":57}}]},"6":{"loc":{"start":{"line":72,"column":4},"end":{"line":75,"column":5}},"type":"if","locations":[{"start":{"line":72,"column":4},"end":{"line":75,"column":5}}]},"7":{"loc":{"start":{"line":79,"column":4},"end":{"line":79,"column":70}},"type":"if","locations":[{"start":{"line":79,"column":4},"end":{"line":79,"column":70}}]}},"s":{"0":1,"1":0,"2":0,"3":0,"4":0,"5":0,"6":0,"7":0,"8":0,"9":0,"10":0,"11":0,"12":0,"13":0,"14":0,"15":0,"16":0,"17":0,"18":0,"19":1,"20":1,"21":0,"22":0,"23":0,"24":0,"25":0,"26":0,"27":0,"28":0,"29":0,"30":0,"31":0,"32":0,"33":0,"34":0,"35":0,"36":0,"37":0,"38":1},"f":{"0":0,"1":0,"2":0,"3":0,"4":0,"5":0,"6":0,"7":0},"b":{"0":[0],"1":[0,0],"2":[0,0],"3":[0,0],"4":[0,0],"5":[0,0],"6":[0],"7":[0]}}
,"C:\\Users\\alazi\\OneDrive - EUROPEAN DYNAMICS LUXEMBOURG SA\\Desktop\\myRepo\\GKE-Traffic-Split\\scheduler\\src\\adapters\\k8s\\services\\deploy.service.ts": {"path":"C:\\Users\\alazi\\OneDrive - EUROPEAN DYNAMICS LUXEMBOURG SA\\Desktop\\myRepo\\GKE-Traffic-Split\\scheduler\\src\\adapters\\k8s\\services\\deploy.service.ts","statementMap":{"0":{"start":{"line":1,"column":0},"end":{"line":1,"column":47}},"1":{"start":{"line":3,"column":0},"end":{"line":3,"column":48}},"2":{"start":{"line":11,"column":4},"end":{"line":11,"column":25}},"3":{"start":{"line":15,"column":16},"end":{"line":15,"column":62}},"4":{"start":{"line":18,"column":24},"end":{"line":18,"column":94}},"5":{"start":{"line":18,"column":58},"end":{"line":18,"column":93}},"6":{"start":{"line":19,"column":4},"end":{"line":22,"column":5}},"7":{"start":{"line":20,"column":6},"end":{"line":20,"column":62}},"8":{"start":{"line":21,"column":6},"end":{"line":21,"column":13}},"9":{"start":{"line":24,"column":4},"end":{"line":24,"column":23}},"10":{"start":{"line":29,"column":16},"end":{"line":29,"column":62}},"11":{"start":{"line":30,"column":24},"end":{"line":31,"column":null}},"12":{"start":{"line":31,"column":6},"end":{"line":31,"column":80}},"13":{"start":{"line":31,"column":52},"end":{"line":31,"column":79}},"14":{"start":{"line":33,"column":4},"end":{"line":36,"column":5}},"15":{"start":{"line":34,"column":6},"end":{"line":34,"column":63}},"16":{"start":{"line":35,"column":6},"end":{"line":35,"column":13}},"17":{"start":{"line":38,"column":4},"end":{"line":38,"column":23}},"18":{"start":{"line":42,"column":19},"end":{"line":42,"column":77}},"19":{"start":{"line":44,"column":4},"end":{"line":47,"column":5}},"20":{"start":{"line":45,"column":6},"end":{"line":45,"column":67}},"21":{"start":{"line":46,"column":6},"end":{"line":46,"column":36}},"22":{"start":{"line":48,"column":4},"end":{"line":51,"column":5}},"23":{"start":{"line":49,"column":6},"end":{"line":49,"column":69}},"24":{"start":{"line":50,"column":6},"end":{"line":50,"column":36}},"25":{"start":{"line":54,"column":4},"end":{"line":68,"column":6}},"26":{"start":{"line":7,"column":0},"end":{"line":7,"column":13}}},"fnMap":{"0":{"name":"(anonymous_9)","decl":{"start":{"line":10,"column":2},"end":{"line":10,"column":14}},"loc":{"start":{"line":10,"column":35},"end":{"line":12,"column":3}}},"1":{"name":"(anonymous_10)","decl":{"start":{"line":14,"column":2},"end":{"line":14,"column":7}},"loc":{"start":{"line":14,"column":46},"end":{"line":25,"column":3}}},"2":{"name":"(anonymous_11)","decl":{"start":{"line":18,"column":46},"end":{"line":18,"column":47}},"loc":{"start":{"line":18,"column":58},"end":{"line":18,"column":93}}},"3":{"name":"(anonymous_12)","decl":{"start":{"line":27,"column":2},"end":{"line":27,"column":7}},"loc":{"start":{"line":27,"column":56},"end":{"line":39,"column":3}}},"4":{"name":"(anonymous_13)","decl":{"start":{"line":30,"column":46},"end":{"line":30,"column":47}},"loc":{"start":{"line":31,"column":6},"end":{"line":31,"column":80}}},"5":{"name":"(anonymous_14)","decl":{"start":{"line":31,"column":41},"end":{"line":31,"column":42}},"loc":{"start":{"line":31,"column":52},"end":{"line":31,"column":79}}},"6":{"name":"(anonymous_15)","decl":{"start":{"line":41,"column":2},"end":{"line":41,"column":7}},"loc":{"start":{"line":41,"column":83},"end":{"line":69,"column":3}}}},"branchMap":{"0":{"loc":{"start":{"line":19,"column":4},"end":{"line":22,"column":5}},"type":"if","locations":[{"start":{"line":19,"column":4},"end":{"line":22,"column":5}}]},"1":{"loc":{"start":{"line":33,"column":4},"end":{"line":36,"column":5}},"type":"if","locations":[{"start":{"line":33,"column":4},"end":{"line":36,"column":5}}]},"2":{"loc":{"start":{"line":44,"column":4},"end":{"line":47,"column":5}},"type":"if","locations":[{"start":{"line":44,"column":4},"end":{"line":47,"column":5}}]},"3":{"loc":{"start":{"line":48,"column":4},"end":{"line":51,"column":5}},"type":"if","locations":[{"start":{"line":48,"column":4},"end":{"line":51,"column":5}}]}},"s":{"0":1,"1":1,"2":1,"3":0,"4":0,"5":0,"6":0,"7":0,"8":0,"9":0,"10":0,"11":0,"12":0,"13":0,"14":0,"15":0,"16":0,"17":0,"18":0,"19":0,"20":0,"21":0,"22":0,"23":0,"24":0,"25":0,"26":1},"f":{"0":1,"1":0,"2":0,"3":0,"4":0,"5":0,"6":0},"b":{"0":[0],"1":[0],"2":[0],"3":[0]}}
,"C:\\Users\\alazi\\OneDrive - EUROPEAN DYNAMICS LUXEMBOURG SA\\Desktop\\myRepo\\GKE-Traffic-Split\\scheduler\\src\\adapters\\k8s\\services\\metrics.service.ts": {"path":"C:\\Users\\alazi\\OneDrive - EUROPEAN DYNAMICS LUXEMBOURG SA\\Desktop\\myRepo\\GKE-Traffic-Split\\scheduler\\src\\adapters\\k8s\\services\\metrics.service.ts","statementMap":{"0":{"start":{"line":1,"column":0},"end":{"line":1,"column":47}},"1":{"start":{"line":3,"column":0},"end":{"line":3,"column":38}},"2":{"start":{"line":14,"column":4},"end":{"line":14,"column":37}},"3":{"start":{"line":15,"column":4},"end":{"line":15,"column":33}},"4":{"start":{"line":16,"column":4},"end":{"line":16,"column":27}},"5":{"start":{"line":20,"column":21},"end":{"line":20,"column":56}},"6":{"start":{"line":21,"column":26},"end":{"line":21,"column":61}},"7":{"start":{"line":23,"column":4},"end":{"line":23,"column":25}},"8":{"start":{"line":27,"column":20},"end":{"line":27,"column":84}},"9":{"start":{"line":29,"column":17},"end":{"line":29,"column":64}},"10":{"start":{"line":30,"column":4},"end":{"line":30,"column":16}},"11":{"start":{"line":8,"column":0},"end":{"line":8,"column":13}}},"fnMap":{"0":{"name":"(anonymous_9)","decl":{"start":{"line":13,"column":2},"end":{"line":13,"column":14}},"loc":{"start":{"line":13,"column":90},"end":{"line":17,"column":3}}},"1":{"name":"(anonymous_10)","decl":{"start":{"line":19,"column":2},"end":{"line":19,"column":7}},"loc":{"start":{"line":19,"column":23},"end":{"line":24,"column":3}}},"2":{"name":"(anonymous_11)","decl":{"start":{"line":26,"column":2},"end":{"line":26,"column":7}},"loc":{"start":{"line":26,"column":40},"end":{"line":31,"column":3}}}},"branchMap":{},"s":{"0":1,"1":1,"2":1,"3":1,"4":1,"5":0,"6":0,"7":0,"8":0,"9":0,"10":0,"11":1},"f":{"0":1,"1":0,"2":0},"b":{}}
,"C:\\Users\\alazi\\OneDrive - EUROPEAN DYNAMICS LUXEMBOURG SA\\Desktop\\myRepo\\GKE-Traffic-Split\\scheduler\\src\\adapters\\k8s\\services\\namespace.service.ts": {"path":"C:\\Users\\alazi\\OneDrive - EUROPEAN DYNAMICS LUXEMBOURG SA\\Desktop\\myRepo\\GKE-Traffic-Split\\scheduler\\src\\adapters\\k8s\\services\\namespace.service.ts","statementMap":{"0":{"start":{"line":1,"column":0},"end":{"line":1,"column":48}},"1":{"start":{"line":2,"column":0},"end":{"line":2,"column":38}},"2":{"start":{"line":9,"column":4},"end":{"line":9,"column":25}},"3":{"start":{"line":16,"column":4},"end":{"line":30,"column":5}},"4":{"start":{"line":17,"column":24},"end":{"line":17,"column":57}},"5":{"start":{"line":18,"column":18},"end":{"line":18,"column":62}},"6":{"start":{"line":20,"column":6},"end":{"line":20,"column":71}},"7":{"start":{"line":22,"column":18},"end":{"line":22,"column":40}},"8":{"start":{"line":24,"column":6},"end":{"line":27,"column":7}},"9":{"start":{"line":25,"column":8},"end":{"line":25,"column":55}},"10":{"start":{"line":26,"column":8},"end":{"line":26,"column":15}},"11":{"start":{"line":29,"column":6},"end":{"line":29,"column":71}},"12":{"start":{"line":6,"column":0},"end":{"line":6,"column":13}}},"fnMap":{"0":{"name":"(anonymous_0)","decl":{"start":{"line":8,"column":2},"end":{"line":8,"column":14}},"loc":{"start":{"line":8,"column":35},"end":{"line":10,"column":3}}},"1":{"name":"(anonymous_1)","decl":{"start":{"line":12,"column":2},"end":{"line":12,"column":7}},"loc":{"start":{"line":14,"column":38},"end":{"line":31,"column":3}}}},"branchMap":{"0":{"loc":{"start":{"line":24,"column":6},"end":{"line":27,"column":7}},"type":"if","locations":[{"start":{"line":24,"column":6},"end":{"line":27,"column":7}}]}},"s":{"0":1,"1":1,"2":1,"3":0,"4":0,"5":0,"6":0,"7":0,"8":0,"9":0,"10":0,"11":0,"12":1},"f":{"0":1,"1":0},"b":{"0":[0]}}
,"C:\\Users\\alazi\\OneDrive - EUROPEAN DYNAMICS LUXEMBOURG SA\\Desktop\\myRepo\\GKE-Traffic-Split\\scheduler\\src\\adapters\\k8s\\services\\node.service.ts": {"path":"C:\\Users\\alazi\\OneDrive - EUROPEAN DYNAMICS LUXEMBOURG SA\\Desktop\\myRepo\\GKE-Traffic-Split\\scheduler\\src\\adapters\\k8s\\services\\node.service.ts","statementMap":{"0":{"start":{"line":7,"column":4},"end":{"line":7,"column":25}},"1":{"start":{"line":12,"column":16},"end":{"line":12,"column":44}},"2":{"start":{"line":13,"column":4},"end":{"line":13,"column":26}},"3":{"start":{"line":17,"column":17},"end":{"line":17,"column":53}},"4":{"start":{"line":18,"column":4},"end":{"line":21,"column":6}},"5":{"start":{"line":22,"column":4},"end":{"line":22,"column":56}},"6":{"start":{"line":27,"column":4},"end":{"line":48,"column":5}},"7":{"start":{"line":29,"column":19},"end":{"line":29,"column":55}},"8":{"start":{"line":31,"column":27},"end":{"line":31,"column":49}},"9":{"start":{"line":33,"column":25},"end":{"line":33,"column":35}},"10":{"start":{"line":35,"column":6},"end":{"line":43,"column":7}},"11":{"start":{"line":37,"column":27},"end":{"line":38,"column":null}},"12":{"start":{"line":38,"column":21},"end":{"line":38,"column":47}},"13":{"start":{"line":42,"column":8},"end":{"line":42,"column":76}},"14":{"start":{"line":42,"column":35},"end":{"line":42,"column":76}},"15":{"start":{"line":45,"column":6},"end":{"line":45,"column":44}},"16":{"start":{"line":47,"column":6},"end":{"line":47,"column":57}},"17":{"start":{"line":53,"column":4},"end":{"line":70,"column":5}},"18":{"start":{"line":55,"column":19},"end":{"line":55,"column":55}},"19":{"start":{"line":57,"column":27},"end":{"line":57,"column":49}},"20":{"start":{"line":58,"column":6},"end":{"line":69,"column":7}},"21":{"start":{"line":60,"column":27},"end":{"line":61,"column":null}},"22":{"start":{"line":61,"column":21},"end":{"line":61,"column":43}},"23":{"start":{"line":65,"column":8},"end":{"line":65,"column":80}},"24":{"start":{"line":68,"column":8},"end":{"line":68,"column":59}},"25":{"start":{"line":3,"column":0},"end":{"line":3,"column":13}}},"fnMap":{"0":{"name":"(anonymous_0)","decl":{"start":{"line":6,"column":2},"end":{"line":6,"column":14}},"loc":{"start":{"line":6,"column":35},"end":{"line":8,"column":3}}},"1":{"name":"(anonymous_1)","decl":{"start":{"line":11,"column":2},"end":{"line":11,"column":7}},"loc":{"start":{"line":11,"column":16},"end":{"line":14,"column":3}}},"2":{"name":"(anonymous_2)","decl":{"start":{"line":16,"column":2},"end":{"line":16,"column":7}},"loc":{"start":{"line":16,"column":69},"end":{"line":23,"column":3}}},"3":{"name":"(anonymous_3)","decl":{"start":{"line":26,"column":2},"end":{"line":26,"column":7}},"loc":{"start":{"line":26,"column":59},"end":{"line":49,"column":3}}},"4":{"name":"(anonymous_4)","decl":{"start":{"line":38,"column":10},"end":{"line":38,"column":11}},"loc":{"start":{"line":38,"column":21},"end":{"line":38,"column":47}}},"5":{"name":"(anonymous_5)","decl":{"start":{"line":52,"column":2},"end":{"line":52,"column":7}},"loc":{"start":{"line":52,"column":57},"end":{"line":71,"column":3}}},"6":{"name":"(anonymous_6)","decl":{"start":{"line":61,"column":10},"end":{"line":61,"column":11}},"loc":{"start":{"line":61,"column":21},"end":{"line":61,"column":43}}}},"branchMap":{"0":{"loc":{"start":{"line":35,"column":6},"end":{"line":43,"column":7}},"type":"if","locations":[{"start":{"line":35,"column":6},"end":{"line":43,"column":7}}]},"1":{"loc":{"start":{"line":42,"column":8},"end":{"line":42,"column":76}},"type":"if","locations":[{"start":{"line":42,"column":8},"end":{"line":42,"column":76}}]},"2":{"loc":{"start":{"line":58,"column":6},"end":{"line":69,"column":7}},"type":"if","locations":[{"start":{"line":58,"column":6},"end":{"line":69,"column":7}}]},"3":{"loc":{"start":{"line":65,"column":33},"end":{"line":65,"column":79}},"type":"cond-expr","locations":[{"start":{"line":65,"column":57},"end":{"line":65,"column":67}},{"start":{"line":65,"column":70},"end":{"line":65,"column":79}}]}},"s":{"0":1,"1":0,"2":0,"3":0,"4":0,"5":0,"6":0,"7":0,"8":0,"9":0,"10":0,"11":0,"12":0,"13":0,"14":0,"15":0,"16":0,"17":0,"18":0,"19":0,"20":0,"21":0,"22":0,"23":0,"24":0,"25":1},"f":{"0":1,"1":0,"2":0,"3":0,"4":0,"5":0,"6":0},"b":{"0":[0],"1":[0],"2":[0],"3":[0,0]}}
,"C:\\Users\\alazi\\OneDrive - EUROPEAN DYNAMICS LUXEMBOURG SA\\Desktop\\myRepo\\GKE-Traffic-Split\\scheduler\\src\\adapters\\k8s\\services\\pod.service.ts": {"path":"C:\\Users\\alazi\\OneDrive - EUROPEAN DYNAMICS LUXEMBOURG SA\\Desktop\\myRepo\\GKE-Traffic-Split\\scheduler\\src\\adapters\\k8s\\services\\pod.service.ts","statementMap":{"0":{"start":{"line":1,"column":0},"end":{"line":1,"column":48}},"1":{"start":{"line":8,"column":4},"end":{"line":8,"column":25}},"2":{"start":{"line":12,"column":16},"end":{"line":12,"column":62}},"3":{"start":{"line":13,"column":4},"end":{"line":13,"column":26}},"4":{"start":{"line":17,"column":17},"end":{"line":23,"column":null}},"5":{"start":{"line":26,"column":4},"end":{"line":26,"column":45}},"6":{"start":{"line":26,"column":38},"end":{"line":26,"column":45}},"7":{"start":{"line":28,"column":4},"end":{"line":28,"column":27}},"8":{"start":{"line":32,"column":4},"end":{"line":32,"column":71}},"9":{"start":{"line":33,"column":4},"end":{"line":33,"column":62}},"10":{"start":{"line":5,"column":0},"end":{"line":5,"column":13}}},"fnMap":{"0":{"name":"(anonymous_0)","decl":{"start":{"line":7,"column":2},"end":{"line":7,"column":14}},"loc":{"start":{"line":7,"column":35},"end":{"line":9,"column":3}}},"1":{"name":"(anonymous_1)","decl":{"start":{"line":11,"column":2},"end":{"line":11,"column":7}},"loc":{"start":{"line":11,"column":46},"end":{"line":14,"column":3}}},"2":{"name":"(anonymous_2)","decl":{"start":{"line":16,"column":2},"end":{"line":16,"column":7}},"loc":{"start":{"line":16,"column":59},"end":{"line":29,"column":3}}},"3":{"name":"(anonymous_3)","decl":{"start":{"line":31,"column":2},"end":{"line":31,"column":7}},"loc":{"start":{"line":31,"column":52},"end":{"line":34,"column":3}}}},"branchMap":{"0":{"loc":{"start":{"line":26,"column":4},"end":{"line":26,"column":45}},"type":"if","locations":[{"start":{"line":26,"column":4},"end":{"line":26,"column":45}}]}},"s":{"0":1,"1":1,"2":0,"3":0,"4":0,"5":0,"6":0,"7":0,"8":0,"9":0,"10":1},"f":{"0":1,"1":0,"2":0,"3":0},"b":{"0":[0]}}
,"C:\\Users\\alazi\\OneDrive - EUROPEAN DYNAMICS LUXEMBOURG SA\\Desktop\\myRepo\\GKE-Traffic-Split\\scheduler\\src\\adapters\\k8s\\services\\resources.service.ts": {"path":"C:\\Users\\alazi\\OneDrive - EUROPEAN DYNAMICS LUXEMBOURG SA\\Desktop\\myRepo\\GKE-Traffic-Split\\scheduler\\src\\adapters\\k8s\\services\\resources.service.ts","statementMap":{"0":{"start":{"line":1,"column":0},"end":{"line":1,"column":67}},"1":{"start":{"line":2,"column":0},"end":{"line":2,"column":48}},"2":{"start":{"line":11,"column":4},"end":{"line":11,"column":25}},"3":{"start":{"line":12,"column":4},"end":{"line":12,"column":37}},"4":{"start":{"line":16,"column":30},"end":{"line":16,"column":32}},"5":{"start":{"line":17,"column":47},"end":{"line":17,"column":49}},"6":{"start":{"line":19,"column":4},"end":{"line":60,"column":5}},"7":{"start":{"line":20,"column":6},"end":{"line":59,"column":7}},"8":{"start":{"line":21,"column":8},"end":{"line":25,"column":9}},"9":{"start":{"line":22,"column":10},"end":{"line":22,"column":95}},"10":{"start":{"line":23,"column":10},"end":{"line":23,"column":36}},"11":{"start":{"line":24,"column":10},"end":{"line":24,"column":19}},"12":{"start":{"line":29,"column":8},"end":{"line":29,"column":76}},"13":{"start":{"line":30,"column":8},"end":{"line":30,"column":97}},"14":{"start":{"line":31,"column":8},"end":{"line":31,"column":117}},"15":{"start":{"line":34,"column":31},"end":{"line":41,"column":10}},"16":{"start":{"line":44,"column":8},"end":{"line":44,"column":47}},"17":{"start":{"line":47,"column":25},"end":{"line":47,"column":58}},"18":{"start":{"line":48,"column":8},"end":{"line":48,"column":79}},"19":{"start":{"line":50,"column":20},"end":{"line":50,"column":42}},"20":{"start":{"line":51,"column":8},"end":{"line":58,"column":9}},"21":{"start":{"line":53,"column":27},"end":{"line":53,"column":61}},"22":{"start":{"line":54,"column":10},"end":{"line":54,"column":81}},"23":{"start":{"line":56,"column":10},"end":{"line":56,"column":80}},"24":{"start":{"line":57,"column":10},"end":{"line":57,"column":36}},"25":{"start":{"line":62,"column":4},"end":{"line":64,"column":6}},"26":{"start":{"line":65,"column":4},"end":{"line":65,"column":22}},"27":{"start":{"line":77,"column":22},"end":{"line":77,"column":56}},"28":{"start":{"line":79,"column":26},"end":{"line":79,"column":57}},"29":{"start":{"line":81,"column":22},"end":{"line":81,"column":53}},"30":{"start":{"line":82,"column":4},"end":{"line":82,"column":21}},"31":{"start":{"line":86,"column":4},"end":{"line":137,"column":5}},"32":{"start":{"line":87,"column":6},"end":{"line":89,"column":7}},"33":{"start":{"line":88,"column":8},"end":{"line":88,"column":93}},"34":{"start":{"line":92,"column":31},"end":{"line":92,"column":94}},"35":{"start":{"line":93,"column":19},"end":{"line":93,"column":38}},"36":{"start":{"line":94,"column":24},"end":{"line":94,"column":64}},"37":{"start":{"line":95,"column":19},"end":{"line":95,"column":41}},"38":{"start":{"line":96,"column":21},"end":{"line":96,"column":45}},"39":{"start":{"line":99,"column":6},"end":{"line":99,"column":74}},"40":{"start":{"line":100,"column":6},"end":{"line":100,"column":95}},"41":{"start":{"line":101,"column":6},"end":{"line":101,"column":115}},"42":{"start":{"line":103,"column":6},"end":{"line":134,"column":7}},"43":{"start":{"line":104,"column":8},"end":{"line":104,"column":99}},"44":{"start":{"line":106,"column":25},"end":{"line":116,"column":null}},"45":{"start":{"line":118,"column":8},"end":{"line":118,"column":88}},"46":{"start":{"line":120,"column":20},"end":{"line":120,"column":42}},"47":{"start":{"line":121,"column":8},"end":{"line":133,"column":9}},"48":{"start":{"line":123,"column":27},"end":{"line":128,"column":null}},"49":{"start":{"line":130,"column":10},"end":{"line":130,"column":65}},"50":{"start":{"line":132,"column":10},"end":{"line":132,"column":110}},"51":{"start":{"line":136,"column":6},"end":{"line":136,"column":62}},"52":{"start":{"line":142,"column":4},"end":{"line":142,"column":36}},"53":{"start":{"line":6,"column":0},"end":{"line":6,"column":13}}},"fnMap":{"0":{"name":"(anonymous_0)","decl":{"start":{"line":10,"column":2},"end":{"line":10,"column":14}},"loc":{"start":{"line":10,"column":81},"end":{"line":13,"column":3}}},"1":{"name":"(anonymous_1)","decl":{"start":{"line":15,"column":2},"end":{"line":15,"column":7}},"loc":{"start":{"line":15,"column":47},"end":{"line":66,"column":3}}},"2":{"name":"(anonymous_2)","decl":{"start":{"line":76,"column":2},"end":{"line":76,"column":7}},"loc":{"start":{"line":76,"column":38},"end":{"line":83,"column":3}}},"3":{"name":"(anonymous_3)","decl":{"start":{"line":85,"column":2},"end":{"line":85,"column":7}},"loc":{"start":{"line":85,"column":56},"end":{"line":138,"column":3}}},"4":{"name":"(anonymous_4)","decl":{"start":{"line":141,"column":10},"end":{"line":141,"column":23}},"loc":{"start":{"line":141,"column":36},"end":{"line":143,"column":3}}}},"branchMap":{"0":{"loc":{"start":{"line":21,"column":8},"end":{"line":25,"column":9}},"type":"if","locations":[{"start":{"line":21,"column":8},"end":{"line":25,"column":9}}]},"1":{"loc":{"start":{"line":21,"column":12},"end":{"line":21,"column":57}},"type":"binary-expr","locations":[{"start":{"line":21,"column":12},"end":{"line":21,"column":30}},{"start":{"line":21,"column":34},"end":{"line":21,"column":57}}]},"2":{"loc":{"start":{"line":29,"column":40},"end":{"line":29,"column":75}},"type":"binary-expr","locations":[{"start":{"line":29,"column":40},"end":{"line":29,"column":69}},{"start":{"line":29,"column":73},"end":{"line":29,"column":75}}]},"3":{"loc":{"start":{"line":39,"column":23},"end":{"line":39,"column":63}},"type":"binary-expr","locations":[{"start":{"line":39,"column":23},"end":{"line":39,"column":50}},{"start":{"line":39,"column":54},"end":{"line":39,"column":63}}]},"4":{"loc":{"start":{"line":51,"column":8},"end":{"line":58,"column":9}},"type":"if","locations":[{"start":{"line":51,"column":8},"end":{"line":58,"column":9}},{"start":{"line":55,"column":15},"end":{"line":58,"column":9}}]},"5":{"loc":{"start":{"line":87,"column":6},"end":{"line":89,"column":7}},"type":"if","locations":[{"start":{"line":87,"column":6},"end":{"line":89,"column":7}}]},"6":{"loc":{"start":{"line":87,"column":10},"end":{"line":87,"column":55}},"type":"binary-expr","locations":[{"start":{"line":87,"column":10},"end":{"line":87,"column":28}},{"start":{"line":87,"column":32},"end":{"line":87,"column":55}}]},"7":{"loc":{"start":{"line":92,"column":31},"end":{"line":92,"column":94}},"type":"cond-expr","locations":[{"start":{"line":92,"column":53},"end":{"line":92,"column":83}},{"start":{"line":92,"column":86},"end":{"line":92,"column":94}}]},"8":{"loc":{"start":{"line":93,"column":19},"end":{"line":93,"column":38}},"type":"binary-expr","locations":[{"start":{"line":93,"column":19},"end":{"line":93,"column":32}},{"start":{"line":93,"column":36},"end":{"line":93,"column":38}}]},"9":{"loc":{"start":{"line":94,"column":24},"end":{"line":94,"column":64}},"type":"binary-expr","locations":[{"start":{"line":94,"column":24},"end":{"line":94,"column":51}},{"start":{"line":94,"column":55},"end":{"line":94,"column":64}}]},"10":{"loc":{"start":{"line":99,"column":38},"end":{"line":99,"column":73}},"type":"binary-expr","locations":[{"start":{"line":99,"column":38},"end":{"line":99,"column":67}},{"start":{"line":99,"column":71},"end":{"line":99,"column":73}}]},"11":{"loc":{"start":{"line":121,"column":8},"end":{"line":133,"column":9}},"type":"if","locations":[{"start":{"line":121,"column":8},"end":{"line":133,"column":9}},{"start":{"line":131,"column":15},"end":{"line":133,"column":9}}]},"12":{"loc":{"start":{"line":121,"column":12},"end":{"line":121,"column":59}},"type":"binary-expr","locations":[{"start":{"line":121,"column":12},"end":{"line":121,"column":24}},{"start":{"line":121,"column":28},"end":{"line":121,"column":59}}]}},"s":{"0":1,"1":1,"2":1,"3":1,"4":0,"5":0,"6":0,"7":0,"8":0,"9":0,"10":0,"11":0,"12":0,"13":0,"14":0,"15":0,"16":0,"17":0,"18":0,"19":0,"20":0,"21":0,"22":0,"23":0,"24":0,"25":0,"26":0,"27":0,"28":0,"29":0,"30":0,"31":0,"32":0,"33":0,"34":0,"35":0,"36":0,"37":0,"38":0,"39":0,"40":0,"41":0,"42":0,"43":0,"44":0,"45":0,"46":0,"47":0,"48":0,"49":0,"50":0,"51":0,"52":0,"53":1},"f":{"0":1,"1":0,"2":0,"3":0,"4":0},"b":{"0":[0],"1":[0,0],"2":[0,0],"3":[0,0],"4":[0,0],"5":[0],"6":[0,0],"7":[0,0],"8":[0,0],"9":[0,0],"10":[0,0],"11":[0,0],"12":[0,0]}}
,"C:\\Users\\alazi\\OneDrive - EUROPEAN DYNAMICS LUXEMBOURG SA\\Desktop\\myRepo\\GKE-Traffic-Split\\scheduler\\src\\adapters\\k8s\\services\\threshold.strategy.service.ts": {"path":"C:\\Users\\alazi\\OneDrive - EUROPEAN DYNAMICS LUXEMBOURG SA\\Desktop\\myRepo\\GKE-Traffic-Split\\scheduler\\src\\adapters\\k8s\\services\\threshold.strategy.service.ts","statementMap":{"0":{"start":{"line":1,"column":0},"end":{"line":1,"column":45}},"1":{"start":{"line":2,"column":0},"end":{"line":2,"column":80}},"2":{"start":{"line":13,"column":28},"end":{"line":13,"column":83}},"3":{"start":{"line":15,"column":4},"end":{"line":15,"column":65}},"4":{"start":{"line":21,"column":28},"end":{"line":21,"column":86}},"5":{"start":{"line":23,"column":4},"end":{"line":23,"column":65}},"6":{"start":{"line":29,"column":28},"end":{"line":29,"column":90}},"7":{"start":{"line":31,"column":4},"end":{"line":31,"column":65}},"8":{"start":{"line":37,"column":4},"end":{"line":46,"column":5}},"9":{"start":{"line":39,"column":8},"end":{"line":39,"column":42}},"10":{"start":{"line":41,"column":8},"end":{"line":41,"column":45}},"11":{"start":{"line":43,"column":8},"end":{"line":43,"column":51}},"12":{"start":{"line":45,"column":8},"end":{"line":45,"column":109}},"13":{"start":{"line":35,"column":0},"end":{"line":35,"column":13}}},"fnMap":{"0":{"name":"(anonymous_0)","decl":{"start":{"line":12,"column":2},"end":{"line":12,"column":19}},"loc":{"start":{"line":12,"column":87},"end":{"line":16,"column":3}}},"1":{"name":"(anonymous_1)","decl":{"start":{"line":20,"column":2},"end":{"line":20,"column":19}},"loc":{"start":{"line":20,"column":87},"end":{"line":24,"column":3}}},"2":{"name":"(anonymous_2)","decl":{"start":{"line":28,"column":2},"end":{"line":28,"column":19}},"loc":{"start":{"line":28,"column":87},"end":{"line":32,"column":3}}},"3":{"name":"(anonymous_3)","decl":{"start":{"line":36,"column":2},"end":{"line":36,"column":8}},"loc":{"start":{"line":36,"column":40},"end":{"line":47,"column":3}}}},"branchMap":{"0":{"loc":{"start":{"line":37,"column":4},"end":{"line":46,"column":5}},"type":"switch","locations":[{"start":{"line":38,"column":6},"end":{"line":39,"column":42}},{"start":{"line":40,"column":6},"end":{"line":41,"column":45}},{"start":{"line":42,"column":6},"end":{"line":43,"column":51}},{"start":{"line":44,"column":6},"end":{"line":45,"column":109}}]}},"s":{"0":1,"1":1,"2":0,"3":0,"4":0,"5":0,"6":0,"7":0,"8":0,"9":0,"10":0,"11":0,"12":0,"13":1},"f":{"0":0,"1":0,"2":0,"3":0},"b":{"0":[0,0,0,0]}}
,"C:\\Users\\alazi\\OneDrive - EUROPEAN DYNAMICS LUXEMBOURG SA\\Desktop\\myRepo\\GKE-Traffic-Split\\scheduler\\src\\common\\helpers.ts": {"path":"C:\\Users\\alazi\\OneDrive - EUROPEAN DYNAMICS LUXEMBOURG SA\\Desktop\\myRepo\\GKE-Traffic-Split\\scheduler\\src\\common\\helpers.ts","statementMap":{"0":{"start":{"line":2,"column":0},"end":{"line":2,"column":20}},"1":{"start":{"line":3,"column":0},"end":{"line":3,"column":24}},"2":{"start":{"line":5,"column":0},"end":{"line":5,"column":27}},"3":{"start":{"line":9,"column":21},"end":{"line":10,"column":51}},"4":{"start":{"line":10,"column":2},"end":{"line":10,"column":51}},"5":{"start":{"line":10,"column":27},"end":{"line":10,"column":50}},"6":{"start":{"line":9,"column":13},"end":{"line":9,"column":21}},"7":{"start":{"line":12,"column":46},"end":{"line":14,"column":1}},"8":{"start":{"line":13,"column":2},"end":{"line":13,"column":51}},"9":{"start":{"line":12,"column":13},"end":{"line":12,"column":46}},"10":{"start":{"line":16,"column":32},"end":{"line":20,"column":1}},"11":{"start":{"line":17,"column":19},"end":{"line":17,"column":52}},"12":{"start":{"line":18,"column":15},"end":{"line":18,"column":35}},"13":{"start":{"line":19,"column":2},"end":{"line":19,"column":14}},"14":{"start":{"line":16,"column":13},"end":{"line":16,"column":32}},"15":{"start":{"line":27,"column":40},"end":{"line":68,"column":1}},"16":{"start":{"line":31,"column":62},"end":{"line":31,"column":64}},"17":{"start":{"line":34,"column":2},"end":{"line":64,"column":3}},"18":{"start":{"line":36,"column":21},"end":{"line":36,"column":54}},"19":{"start":{"line":38,"column":21},"end":{"line":38,"column":52}},"20":{"start":{"line":40,"column":4},"end":{"line":42,"column":6}},"21":{"start":{"line":41,"column":16},"end":{"line":41,"column":50}},"22":{"start":{"line":45,"column":21},"end":{"line":45,"column":45}},"23":{"start":{"line":47,"column":22},"end":{"line":48,"column":null}},"24":{"start":{"line":48,"column":16},"end":{"line":48,"column":63}},"25":{"start":{"line":52,"column":4},"end":{"line":63,"column":7}},"26":{"start":{"line":54,"column":23},"end":{"line":54,"column":52}},"27":{"start":{"line":56,"column":23},"end":{"line":56,"column":56}},"28":{"start":{"line":58,"column":23},"end":{"line":58,"column":54}},"29":{"start":{"line":60,"column":6},"end":{"line":62,"column":8}},"30":{"start":{"line":61,"column":18},"end":{"line":61,"column":52}},"31":{"start":{"line":67,"column":2},"end":{"line":67,"column":18}},"32":{"start":{"line":27,"column":13},"end":{"line":27,"column":40}}},"fnMap":{"0":{"name":"(anonymous_1)","decl":{"start":{"line":9,"column":21},"end":{"line":9,"column":22}},"loc":{"start":{"line":10,"column":2},"end":{"line":10,"column":51}}},"1":{"name":"(anonymous_2)","decl":{"start":{"line":10,"column":14},"end":{"line":10,"column":15}},"loc":{"start":{"line":10,"column":27},"end":{"line":10,"column":50}}},"2":{"name":"(anonymous_3)","decl":{"start":{"line":12,"column":46},"end":{"line":12,"column":47}},"loc":{"start":{"line":12,"column":67},"end":{"line":14,"column":1}}},"3":{"name":"(anonymous_4)","decl":{"start":{"line":16,"column":32},"end":{"line":16,"column":33}},"loc":{"start":{"line":16,"column":53},"end":{"line":20,"column":1}}},"4":{"name":"(anonymous_5)","decl":{"start":{"line":27,"column":40},"end":{"line":27,"column":null}},"loc":{"start":{"line":29,"column":47},"end":{"line":68,"column":1}}},"5":{"name":"(anonymous_6)","decl":{"start":{"line":41,"column":6},"end":{"line":41,"column":7}},"loc":{"start":{"line":41,"column":16},"end":{"line":41,"column":50}}},"6":{"name":"(anonymous_7)","decl":{"start":{"line":48,"column":6},"end":{"line":48,"column":7}},"loc":{"start":{"line":48,"column":16},"end":{"line":48,"column":63}}},"7":{"name":"(anonymous_8)","decl":{"start":{"line":52,"column":22},"end":{"line":52,"column":23}},"loc":{"start":{"line":52,"column":43},"end":{"line":63,"column":5}}},"8":{"name":"(anonymous_9)","decl":{"start":{"line":61,"column":8},"end":{"line":61,"column":9}},"loc":{"start":{"line":61,"column":18},"end":{"line":61,"column":52}}}},"branchMap":{"0":{"loc":{"start":{"line":34,"column":2},"end":{"line":64,"column":3}},"type":"if","locations":[{"start":{"line":34,"column":2},"end":{"line":64,"column":3}},{"start":{"line":43,"column":9},"end":{"line":64,"column":3}}]},"1":{"loc":{"start":{"line":41,"column":16},"end":{"line":41,"column":50}},"type":"binary-expr","locations":[{"start":{"line":41,"column":16},"end":{"line":41,"column":20}},{"start":{"line":41,"column":24},"end":{"line":41,"column":33}},{"start":{"line":41,"column":37},"end":{"line":41,"column":50}}]},"2":{"loc":{"start":{"line":48,"column":16},"end":{"line":48,"column":63}},"type":"binary-expr","locations":[{"start":{"line":48,"column":16},"end":{"line":48,"column":38}},{"start":{"line":48,"column":42},"end":{"line":48,"column":63}}]},"3":{"loc":{"start":{"line":61,"column":18},"end":{"line":61,"column":52}},"type":"binary-expr","locations":[{"start":{"line":61,"column":18},"end":{"line":61,"column":22}},{"start":{"line":61,"column":26},"end":{"line":61,"column":35}},{"start":{"line":61,"column":39},"end":{"line":61,"column":52}}]}},"s":{"0":1,"1":1,"2":1,"3":1,"4":0,"5":0,"6":1,"7":1,"8":0,"9":1,"10":1,"11":0,"12":0,"13":0,"14":1,"15":1,"16":0,"17":0,"18":0,"19":0,"20":0,"21":0,"22":0,"23":0,"24":0,"25":0,"26":0,"27":0,"28":0,"29":0,"30":0,"31":0,"32":1},"f":{"0":0,"1":0,"2":0,"3":0,"4":0,"5":0,"6":0,"7":0,"8":0},"b":{"0":[0,0],"1":[0,0,0],"2":[0,0],"3":[0,0,0]}}
,"C:\\Users\\alazi\\OneDrive - EUROPEAN DYNAMICS LUXEMBOURG SA\\Desktop\\myRepo\\GKE-Traffic-Split\\scheduler\\src\\config\\config.ts": {"path":"C:\\Users\\alazi\\OneDrive - EUROPEAN DYNAMICS LUXEMBOURG SA\\Desktop\\myRepo\\GKE-Traffic-Split\\scheduler\\src\\config\\config.ts","statementMap":{"0":{"start":{"line":1,"column":0},"end":{"line":1,"column":33}},"1":{"start":{"line":3,"column":0},"end":{"line":3,"column":39}},"2":{"start":{"line":5,"column":0},"end":{"line":5,"column":16}},"3":{"start":{"line":8,"column":44},"end":{"line":8,"column":46}},"4":{"start":{"line":10,"column":0},"end":{"line":14,"column":3}},"5":{"start":{"line":11,"column":2},"end":{"line":13,"column":3}},"6":{"start":{"line":12,"column":4},"end":{"line":12,"column":65}},"7":{"start":{"line":16,"column":13},"end":{"line":39,"column":2}}},"fnMap":{"0":{"name":"(anonymous_9)","decl":{"start":{"line":10,"column":29},"end":{"line":10,"column":30}},"loc":{"start":{"line":10,"column":52},"end":{"line":14,"column":1}}}},"branchMap":{"0":{"loc":{"start":{"line":11,"column":2},"end":{"line":13,"column":3}},"type":"if","locations":[{"start":{"line":11,"column":2},"end":{"line":13,"column":3}}]},"1":{"loc":{"start":{"line":17,"column":7},"end":{"line":17,"column":38}},"type":"binary-expr","locations":[{"start":{"line":17,"column":7},"end":{"line":17,"column":22}},{"start":{"line":17,"column":26},"end":{"line":17,"column":38}}]},"2":{"loc":{"start":{"line":18,"column":12},"end":{"line":18,"column":42}},"type":"binary-expr","locations":[{"start":{"line":18,"column":12},"end":{"line":18,"column":32}},{"start":{"line":18,"column":36},"end":{"line":18,"column":42}}]},"3":{"loc":{"start":{"line":19,"column":14},"end":{"line":19,"column":63}},"type":"binary-expr","locations":[{"start":{"line":19,"column":14},"end":{"line":19,"column":48}},{"start":{"line":19,"column":52},"end":{"line":19,"column":63}}]},"4":{"loc":{"start":{"line":20,"column":16},"end":{"line":20,"column":48}},"type":"binary-expr","locations":[{"start":{"line":20,"column":16},"end":{"line":20,"column":40}},{"start":{"line":20,"column":44},"end":{"line":20,"column":48}}]},"5":{"loc":{"start":{"line":21,"column":27},"end":{"line":21,"column":77}},"type":"binary-expr","locations":[{"start":{"line":21,"column":27},"end":{"line":21,"column":70}},{"start":{"line":21,"column":74},"end":{"line":21,"column":77}}]},"6":{"loc":{"start":{"line":23,"column":20},"end":{"line":23,"column":113}},"type":"cond-expr","locations":[{"start":{"line":23,"column":58},"end":{"line":23,"column":107}},{"start":{"line":23,"column":110},"end":{"line":23,"column":113}}]},"7":{"loc":{"start":{"line":24,"column":20},"end":{"line":24,"column":113}},"type":"cond-expr","locations":[{"start":{"line":24,"column":58},"end":{"line":24,"column":107}},{"start":{"line":24,"column":110},"end":{"line":24,"column":113}}]},"8":{"loc":{"start":{"line":25,"column":11},"end":{"line":25,"column":73}},"type":"binary-expr","locations":[{"start":{"line":25,"column":11},"end":{"line":25,"column":51}},{"start":{"line":25,"column":55},"end":{"line":25,"column":73}}]},"9":{"loc":{"start":{"line":27,"column":11},"end":{"line":27,"column":72}},"type":"cond-expr","locations":[{"start":{"line":27,"column":36},"end":{"line":27,"column":66}},{"start":{"line":27,"column":69},"end":{"line":27,"column":72}}]},"10":{"loc":{"start":{"line":28,"column":14},"end":{"line":28,"column":81}},"type":"cond-expr","locations":[{"start":{"line":28,"column":42},"end":{"line":28,"column":75}},{"start":{"line":28,"column":78},"end":{"line":28,"column":81}}]},"11":{"loc":{"start":{"line":31,"column":17},"end":{"line":31,"column":100}},"type":"binary-expr","locations":[{"start":{"line":31,"column":17},"end":{"line":31,"column":43}},{"start":{"line":31,"column":47},"end":{"line":31,"column":100}}]},"12":{"loc":{"start":{"line":34,"column":11},"end":{"line":34,"column":87}},"type":"binary-expr","locations":[{"start":{"line":34,"column":11},"end":{"line":34,"column":32}},{"start":{"line":34,"column":36},"end":{"line":34,"column":87}}]},"13":{"loc":{"start":{"line":35,"column":16},"end":{"line":35,"column":53}},"type":"binary-expr","locations":[{"start":{"line":35,"column":16},"end":{"line":35,"column":42}},{"start":{"line":35,"column":46},"end":{"line":35,"column":53}}]},"14":{"loc":{"start":{"line":36,"column":16},"end":{"line":36,"column":53}},"type":"binary-expr","locations":[{"start":{"line":36,"column":16},"end":{"line":36,"column":42}},{"start":{"line":36,"column":46},"end":{"line":36,"column":53}}]}},"s":{"0":1,"1":1,"2":1,"3":1,"4":1,"5":0,"6":0,"7":1},"f":{"0":0},"b":{"0":[0],"1":[1,0],"2":[1,0],"3":[1,0],"4":[1,1],"5":[1,0],"6":[1,0],"7":[1,0],"8":[1,0],"9":[0,1],"10":[0,1],"11":[1,0],"12":[1,0],"13":[1,1],"14":[1,1]}}
,"C:\\Users\\alazi\\OneDrive - EUROPEAN DYNAMICS LUXEMBOURG SA\\Desktop\\myRepo\\GKE-Traffic-Split\\scheduler\\src\\config\\k8sClient.ts": {"path":"C:\\Users\\alazi\\OneDrive - EUROPEAN DYNAMICS LUXEMBOURG SA\\Desktop\\myRepo\\GKE-Traffic-Split\\scheduler\\src\\config\\k8sClient.ts","statementMap":{"0":{"start":{"line":1,"column":0},"end":{"line":1,"column":47}},"1":{"start":{"line":3,"column":0},"end":{"line":3,"column":34}},"2":{"start":{"line":4,"column":0},"end":{"line":4,"column":58}},"3":{"start":{"line":13,"column":4},"end":{"line":21,"column":5}},"4":{"start":{"line":14,"column":6},"end":{"line":14,"column":54}},"5":{"start":{"line":18,"column":6},"end":{"line":20,"column":53}},"6":{"start":{"line":22,"column":4},"end":{"line":22,"column":36}},"7":{"start":{"line":31,"column":15},"end":{"line":31,"column":44}},"8":{"start":{"line":33,"column":4},"end":{"line":48,"column":5}},"9":{"start":{"line":35,"column":8},"end":{"line":35,"column":47}},"10":{"start":{"line":37,"column":8},"end":{"line":37,"column":47}},"11":{"start":{"line":39,"column":8},"end":{"line":39,"column":57}},"12":{"start":{"line":41,"column":8},"end":{"line":41,"column":35}},"13":{"start":{"line":43,"column":8},"end":{"line":43,"column":54}},"14":{"start":{"line":45,"column":8},"end":{"line":47,"column":10}},"15":{"start":{"line":27,"column":0},"end":{"line":27,"column":13}}},"fnMap":{"0":{"name":"(anonymous_9)","decl":{"start":{"line":10,"column":2},"end":{"line":10,"column":25}},"loc":{"start":{"line":10,"column":2},"end":{"line":10,"column":26}}},"1":{"name":"(anonymous_10)","decl":{"start":{"line":12,"column":9},"end":{"line":12,"column":15}},"loc":{"start":{"line":12,"column":27},"end":{"line":23,"column":3}}},"2":{"name":"(anonymous_11)","decl":{"start":{"line":28,"column":2},"end":{"line":28,"column":8}},"loc":{"start":{"line":29,"column":29},"end":{"line":49,"column":3}}}},"branchMap":{"0":{"loc":{"start":{"line":13,"column":4},"end":{"line":21,"column":5}},"type":"if","locations":[{"start":{"line":13,"column":4},"end":{"line":21,"column":5}}]},"1":{"loc":{"start":{"line":18,"column":6},"end":{"line":20,"column":52}},"type":"cond-expr","locations":[{"start":{"line":19,"column":10},"end":{"line":19,"column":52}},{"start":{"line":20,"column":10},"end":{"line":20,"column":52}}]},"2":{"loc":{"start":{"line":33,"column":4},"end":{"line":48,"column":5}},"type":"switch","locations":[{"start":{"line":34,"column":6},"end":{"line":35,"column":47}},{"start":{"line":36,"column":6},"end":{"line":37,"column":47}},{"start":{"line":38,"column":6},"end":{"line":39,"column":57}},{"start":{"line":40,"column":6},"end":{"line":41,"column":35}},{"start":{"line":42,"column":6},"end":{"line":43,"column":54}},{"start":{"line":44,"column":6},"end":{"line":47,"column":10}}]}},"s":{"0":1,"1":1,"2":1,"3":5,"4":1,"5":1,"6":5,"7":5,"8":5,"9":1,"10":1,"11":1,"12":1,"13":1,"14":0,"15":1},"f":{"0":0,"1":5,"2":5},"b":{"0":[1],"1":[0,1],"2":[1,1,1,1,1,0]}}
,"C:\\Users\\alazi\\OneDrive - EUROPEAN DYNAMICS LUXEMBOURG SA\\Desktop\\myRepo\\GKE-Traffic-Split\\scheduler\\src\\config\\logger.ts": {"path":"C:\\Users\\alazi\\OneDrive - EUROPEAN DYNAMICS LUXEMBOURG SA\\Desktop\\myRepo\\GKE-Traffic-Split\\scheduler\\src\\config\\logger.ts","statementMap":{"0":{"start":{"line":1,"column":0},"end":{"line":1,"column":28}},"1":{"start":{"line":2,"column":0},"end":{"line":2,"column":30}},"2":{"start":{"line":4,"column":13},"end":{"line":39,"column":3}},"3":{"start":{"line":23,"column":53},"end":{"line":23,"column":57}},"4":{"start":{"line":26,"column":21},"end":{"line":26,"column":62}},"5":{"start":{"line":29,"column":27},"end":{"line":29,"column":51}},"6":{"start":{"line":32,"column":25},"end":{"line":34,"column":12}},"7":{"start":{"line":36,"column":6},"end":{"line":36,"column":65}},"8":{"start":{"line":41,"column":35},"end":{"line":49,"column":1}},"9":{"start":{"line":42,"column":2},"end":{"line":44,"column":4}},"10":{"start":{"line":45,"column":2},"end":{"line":45,"column":20}},"11":{"start":{"line":46,"column":2},"end":{"line":48,"column":4}},"12":{"start":{"line":41,"column":13},"end":{"line":41,"column":35}},"13":{"start":{"line":51,"column":30},"end":{"line":65,"column":1}},"14":{"start":{"line":52,"column":2},"end":{"line":57,"column":4}},"15":{"start":{"line":59,"column":2},"end":{"line":64,"column":5}},"16":{"start":{"line":51,"column":13},"end":{"line":51,"column":30}}},"fnMap":{"0":{"name":"(anonymous_1)","decl":{"start":{"line":21,"column":26},"end":{"line":21,"column":27}},"loc":{"start":{"line":21,"column":35},"end":{"line":37,"column":5}}},"1":{"name":"(anonymous_2)","decl":{"start":{"line":41,"column":35},"end":{"line":41,"column":36}},"loc":{"start":{"line":41,"column":52},"end":{"line":49,"column":1}}},"2":{"name":"(anonymous_3)","decl":{"start":{"line":51,"column":30},"end":{"line":51,"column":33}},"loc":{"start":{"line":51,"column":35},"end":{"line":65,"column":1}}}},"branchMap":{"0":{"loc":{"start":{"line":6,"column":9},"end":{"line":6,"column":41}},"type":"binary-expr","locations":[{"start":{"line":6,"column":9},"end":{"line":6,"column":30}},{"start":{"line":6,"column":34},"end":{"line":6,"column":41}}]},"1":{"loc":{"start":{"line":26,"column":21},"end":{"line":26,"column":62}},"type":"binary-expr","locations":[{"start":{"line":26,"column":21},"end":{"line":26,"column":56}},{"start":{"line":26,"column":60},"end":{"line":26,"column":62}}]},"2":{"loc":{"start":{"line":32,"column":25},"end":{"line":34,"column":12}},"type":"cond-expr","locations":[{"start":{"line":33,"column":10},"end":{"line":33,"column":47}},{"start":{"line":34,"column":10},"end":{"line":34,"column":12}}]},"3":{"loc":{"start":{"line":61,"column":16},"end":{"line":61,"column":53}},"type":"binary-expr","locations":[{"start":{"line":61,"column":16},"end":{"line":61,"column":36}},{"start":{"line":61,"column":40},"end":{"line":61,"column":53}}]}},"s":{"0":4,"1":4,"2":4,"3":81,"4":81,"5":81,"6":81,"7":81,"8":4,"9":0,"10":0,"11":0,"12":4,"13":4,"14":0,"15":0,"16":4},"f":{"0":81,"1":0,"2":0},"b":{"0":[4,4],"1":[81,45],"2":[80,1],"3":[0,0]}}
,"C:\\Users\\alazi\\OneDrive - EUROPEAN DYNAMICS LUXEMBOURG SA\\Desktop\\myRepo\\GKE-Traffic-Split\\scheduler\\src\\core\\optiScaler\\mappers.ts": {"path":"C:\\Users\\alazi\\OneDrive - EUROPEAN DYNAMICS LUXEMBOURG SA\\Desktop\\myRepo\\GKE-Traffic-Split\\scheduler\\src\\core\\optiScaler\\mappers.ts","statementMap":{"0":{"start":{"line":6,"column":13},"end":{"line":28,"column":2}},"1":{"start":{"line":8,"column":4},"end":{"line":26,"column":7}},"2":{"start":{"line":9,"column":6},"end":{"line":25,"column":7}},"3":{"start":{"line":10,"column":8},"end":{"line":10,"column":49}},"4":{"start":{"line":11,"column":13},"end":{"line":25,"column":7}},"5":{"start":{"line":12,"column":8},"end":{"line":12,"column":55}},"6":{"start":{"line":14,"column":25},"end":{"line":14,"column":65}},"7":{"start":{"line":15,"column":25},"end":{"line":15,"column":65}},"8":{"start":{"line":17,"column":25},"end":{"line":17,"column":71}},"9":{"start":{"line":18,"column":25},"end":{"line":18,"column":71}},"10":{"start":{"line":20,"column":30},"end":{"line":20,"column":77}},"11":{"start":{"line":21,"column":30},"end":{"line":21,"column":83}},"12":{"start":{"line":24,"column":8},"end":{"line":24,"column":45}},"13":{"start":{"line":30,"column":13},"end":{"line":78,"column":2}},"14":{"start":{"line":32,"column":4},"end":{"line":50,"column":7}},"15":{"start":{"line":33,"column":6},"end":{"line":49,"column":7}},"16":{"start":{"line":34,"column":8},"end":{"line":34,"column":49}},"17":{"start":{"line":35,"column":13},"end":{"line":49,"column":7}},"18":{"start":{"line":36,"column":8},"end":{"line":36,"column":55}},"19":{"start":{"line":38,"column":25},"end":{"line":38,"column":40}},"20":{"start":{"line":39,"column":25},"end":{"line":39,"column":40}},"21":{"start":{"line":41,"column":25},"end":{"line":41,"column":43}},"22":{"start":{"line":42,"column":25},"end":{"line":42,"column":43}},"23":{"start":{"line":44,"column":30},"end":{"line":44,"column":77}},"24":{"start":{"line":45,"column":30},"end":{"line":45,"column":83}},"25":{"start":{"line":48,"column":8},"end":{"line":48,"column":45}},"26":{"start":{"line":54,"column":4},"end":{"line":54,"column":23}},"27":{"start":{"line":55,"column":4},"end":{"line":58,"column":8}},"28":{"start":{"line":55,"column":60},"end":{"line":58,"column":6}},"29":{"start":{"line":61,"column":40},"end":{"line":61,"column":49}},"30":{"start":{"line":63,"column":4},"end":{"line":74,"column":7}},"31":{"start":{"line":64,"column":26},"end":{"line":64,"column":81}},"32":{"start":{"line":64,"column":46},"end":{"line":64,"column":80}},"33":{"start":{"line":66,"column":24},"end":{"line":66,"column":101}},"34":{"start":{"line":66,"column":56},"end":{"line":66,"column":100}},"35":{"start":{"line":66,"column":84},"end":{"line":66,"column":99}},"36":{"start":{"line":68,"column":33},"end":{"line":68,"column":68}},"37":{"start":{"line":68,"column":55},"end":{"line":68,"column":66}},"38":{"start":{"line":70,"column":6},"end":{"line":73,"column":9}},"39":{"start":{"line":72,"column":49},"end":{"line":72,"column":72}},"40":{"start":{"line":76,"column":4},"end":{"line":76,"column":22}}},"fnMap":{"0":{"name":"(anonymous_0)","decl":{"start":{"line":7,"column":14},"end":{"line":7,"column":15}},"loc":{"start":{"line":7,"column":97},"end":{"line":27,"column":3}}},"1":{"name":"(anonymous_1)","decl":{"start":{"line":8,"column":22},"end":{"line":8,"column":23}},"loc":{"start":{"line":8,"column":31},"end":{"line":26,"column":5}}},"2":{"name":"(anonymous_2)","decl":{"start":{"line":31,"column":25},"end":{"line":31,"column":26}},"loc":{"start":{"line":31,"column":1
[...]
20,"column":38},"end":{"line":120,"column":111}},"34":{"start":{"line":120,"column":63},"end":{"line":120,"column":110}},"35":{"start":{"line":120,"column":89},"end":{"line":120,"column":109}},"36":{"start":{"line":122,"column":8},"end":{"line":134,"column":9}},"37":{"start":{"line":125,"column":12},"end":{"line":127,"column":64}},"38":{"start":{"line":127,"column":52},"end":{"line":127,"column":63}},"39":{"start":{"line":129,"column":10},"end":{"line":129,"column":61}},"40":{"start":{"line":129,"column":52},"end":{"line":129,"column":58}},"41":{"start":{"line":132,"column":26},"end":{"line":132,"column":72}},"42":{"start":{"line":133,"column":10},"end":{"line":133,"column":61}},"43":{"start":{"line":133,"column":52},"end":{"line":133,"column":58}},"44":{"start":{"line":139,"column":33},"end":{"line":139,"column":61}},"45":{"start":{"line":140,"column":4},"end":{"line":144,"column":7}},"46":{"start":{"line":146,"column":4},"end":{"line":146,"column":32}},"47":{"start":{"line":164,"column":28},"end":{"line":164,"column":107}},"48":{"start":{"line":166,"column":24},"end":{"line":169,"column":7}},"49":{"start":{"line":166,"column":65},"end":{"line":169,"column":6}},"50":{"start":{"line":174,"column":35},"end":{"line":174,"column":73}},"51":{"start":{"line":179,"column":34},"end":{"line":179,"column":85}},"52":{"start":{"line":184,"column":34},"end":{"line":184,"column":100}},"53":{"start":{"line":187,"column":30},"end":{"line":187,"column":113}},"54":{"start":{"line":187,"column":95},"end":{"line":187,"column":112}},"55":{"start":{"line":190,"column":30},"end":{"line":190,"column":88}},"56":{"start":{"line":190,"column":68},"end":{"line":190,"column":87}},"57":{"start":{"line":192,"column":4},"end":{"line":202,"column":5}},"58":{"start":{"line":194,"column":25},"end":{"line":199,"column":null}},"59":{"start":{"line":195,"column":48},"end":{"line":198,"column":10}},"60":{"start":{"line":201,"column":6},"end":{"line":201,"column":26}},"61":{"start":{"line":205,"column":28},"end":{"line":205,"column":91}},"62":{"start":{"line":205,"column":76},"end":{"line":205,"column":89}},"63":{"start":{"line":208,"column":34},"end":{"line":208,"column":107}},"64":{"start":{"line":208,"column":73},"end":{"line":208,"column":106}},"65":{"start":{"line":211,"column":27},"end":{"line":211,"column":85}},"66":{"start":{"line":214,"column":4},"end":{"line":214,"column":28}},"67":{"start":{"line":231,"column":47},"end":{"line":232,"column":null}},"68":{"start":{"line":232,"column":55},"end":{"line":232,"column":72}},"69":{"start":{"line":236,"column":4},"end":{"line":246,"column":5}},"70":{"start":{"line":237,"column":21},"end":{"line":237,"column":51}},"71":{"start":{"line":239,"column":32},"end":{"line":241,"column":25}},"72":{"start":{"line":240,"column":34},"end":{"line":240,"column":85}},"73":{"start":{"line":243,"column":6},"end":{"line":245,"column":9}},"74":{"start":{"line":244,"column":8},"end":{"line":244,"column":42}},"75":{"start":{"line":248,"column":4},"end":{"line":248,"column":29}},"76":{"start":{"line":262,"column":20},"end":{"line":262,"column":69}},"77":{"start":{"line":262,"column":40},"end":{"line":262,"column":68}},"78":{"start":{"line":265,"column":4},"end":{"line":274,"column":5}},"79":{"start":{"line":267,"column":21},"end":{"line":267,"column":43}},"80":{"start":{"line":270,"column":32},"end":{"line":270,"column":81}},"81":{"start":{"line":270,"column":52},"end":{"line":270,"column":63}},"82":{"start":{"line":273,"column":6},"end":{"line":273,"column":41}},"83":{"start":{"line":277,"column":4},"end":{"line":277,"column":19}},"84":{"start":{"line":299,"column":69},"end":{"line":299,"column":73}},"85":{"start":{"line":301,"column":4},"end":{"line":309,"column":7}},"86":{"start":{"line":302,"column":6},"end":{"line":308,"column":9}},"87":{"start":{"line":303,"column":25},"end":{"line":303,"column":74}},"88":{"start":{"line":303,"column":55},"end":{"line":303,"column":73}},"89":{"start":{"line":304,"column":26},"end":{"line":304,"column":58}},"90":{"start":{"line":305,"column":8},"end":{"line":307,"column":9}},"91":{"start":{"line":306,"column":10},"end":{"line":306,"column":42}},"92":{"start":{"line":310,"column":4},"end":{"line":310,"column":37}},"93":{"start":{"line":331,"column":20},"end":{"line":331,"column":59}},"94":{"start":{"line":331,"column":40},"end":{"line":331,"column":58}},"95":{"start":{"line":334,"column":26},"end":{"line":334,"column":46}},"96":{"start":{"line":338,"column":22},"end":{"line":338,"column":84}},"97":{"start":{"line":338,"column":45},"end":{"line":338,"column":83}},"98":{"start":{"line":341,"column":4},"end":{"line":341,"column":45}},"99":{"start":{"line":341,"column":32},"end":{"line":341,"column":45}},"100":{"start":{"line":344,"column":4},"end":{"line":344,"column":21}},"101":{"start":{"line":359,"column":4},"end":{"line":366,"column":6}},"102":{"start":{"line":362,"column":8},"end":{"line":362,"column":49}},"103":{"start":{"line":363,"column":8},"end":{"line":363,"column":19}},"104":{"start":{"line":386,"column":48},"end":{"line":386,"column":57}},"105":{"start":{"line":388,"column":4},"end":{"line":397,"column":7}},"106":{"start":{"line":389,"column":26},"end":{"line":389,"column":90}},"107":{"start":{"line":389,"column":51},"end":{"line":389,"column":89}},"108":{"start":{"line":389,"column":70},"end":{"line":389,"column":88}},"109":{"start":{"line":391,"column":6},"end":{"line":396,"column":7}},"110":{"start":{"line":392,"column":8},"end":{"line":395,"column":11}},"111":{"start":{"line":399,"column":4},"end":{"line":399,"column":30}},"112":{"start":{"line":416,"column":20},"end":{"line":416,"column":75}},"113":{"start":{"line":416,"column":61},"end":{"line":416,"column":74}},"114":{"start":{"line":419,"column":18},"end":{"line":419,"column":38}},"115":{"start":{"line":423,"column":22},"end":{"line":423,"column":112}},"116":{"start":{"line":423,"column":79},"end":{"line":423,"column":110}},"117":{"start":{"line":426,"column":4},"end":{"line":426,"column":43}},"118":{"start":{"line":426,"column":30},"end":{"line":426,"column":43}},"119":{"start":{"line":429,"column":4},"end":{"line":429,"column":21}},"120":{"start":{"line":9,"column":0},"end":{"line":9,"column":13}}},"fnMap":{"0":{"name":"(anonymous_0)","decl":{"start":{"line":16,"column":2},"end":{"line":16,"column":14}},"loc":{"start":{"line":16,"column":38},"end":{"line":28,"column":3}}},"1":{"name":"(anonymous_1)","decl":{"start":{"line":43,"column":9},"end":{"line":43,"column":31}},"loc":{"start":{"line":43,"column":31},"end":{"line":147,"column":3}}},"2":{"name":"(anonymous_2)","decl":{"start":{"line":93,"column":68},"end":{"line":93,"column":69}},"loc":{"start":{"line":93,"column":82},"end":{"line":93,"column":101}}},"3":{"name":"(anonymous_3)","decl":{"start":{"line":111,"column":27},"end":{"line":111,"column":28}},"loc":{"start":{"line":111,"column":42},"end":{"line":136,"column":5}}},"4":{"name":"(anonymous_4)","decl":{"start":{"line":120,"column":56},"end":{"line":120,"column":57}},"loc":{"start":{"line":120,"column":63},"end":{"line":120,"column":110}}},"5":{"name":"(anonymous_5)","decl":{"start":{"line":120,"column":79},"end":{"line":120,"column":80}},"loc":{"start":{"line":120,"column":89},"end":{"line":120,"column":109}}},"6":{"name":"(anonymous_6)","decl":{"start":{"line":127,"column":45},"end":{"line":127,"column":46}},"loc":{"start":{"line":127,"column":52},"end":{"line":127,"column":63}}},"7":{"name":"(anonymous_7)","decl":{"start":{"line":129,"column":45},"end":{"line":129,"column":46}},"loc":{"start":{"line":129,"column":52},"end":{"line":129,"column":58}}},"8":{"name":"(anonymous_8)","decl":{"start":{"line":133,"column":45},"end":{"line":133,"column":46}},"loc":{"start":{"line":133,"column":52},"end":{"line":133,"column":58}}},"9":{"name":"(anonymous_9)","decl":{"start":{"line":162,"column":9},"end":{"line":162,"column":33}},"loc":{"start":{"line":162,"column":81},"end":{"line":215,"column":3}}},"10":{"name":"(anonymous_10)","decl":{"start":{"line":166,"column":44},"end":{"line":166,"column":45}},"loc":{"start":{"line":166,"column":65},"end":{"line":169,"column":6}}},"11":{"name":"(anonymous_11)","decl":{"start":{"line":187,"column":81},"end":{"line":187,"column":82}},"loc":{"start":{"line":187,"column":95},"end":{"line":187,"column":112}}},"12":{"name":"(anonymous_12)","decl":{"start":{"line":190,"column":54},"end":{"line":190,"column":55}},"loc":{"start":{"line":190,"column":68},"end":{"line":190,"column":87}}},"13":{"name":"(anonymous_13)","decl":{"start":{"line":195,"column":30},"end":{"line":195,"column":31}},"loc":{"start":{"line":195,"column":48},"end":{"line":198,"column":10}}},"14":{"name":"(anonymous_14)","decl":{"start":{"line":205,"column":62},"end":{"line":205,"column":63}},"loc":{"start":{"line":205,"column":76},"end":{"line":205,"column":89}}},"15":{"name":"(anonymous_15)","decl":{"start":{"line":208,"column":59},"end":{"line":208,"column":60}},"loc":{"start":{"line":208,"column":73},"end":{"line":208,"column":106}}},"16":{"name":"(anonymous_16)","decl":{"start":{"line":229,"column":10},"end":{"line":229,"column":30}},"loc":{"start":{"line":229,"column":68},"end":{"line":249,"column":3}}},"17":{"name":"(anonymous_17)","decl":{"start":{"line":232,"column":41},"end":{"line":232,"column":42}},"loc":{"start":{"line":232,"column":55},"end":{"line":232,"column":72}}},"18":{"name":"(anonymous_18)","decl":{"start":{"line":240,"column":16},"end":{"line":240,"column":17}},"loc":{"start":{"line":240,"column":34},"end":{"line":240,"column":85}}},"19":{"name":"(anonymous_19)","decl":{"start":{"line":243,"column":32},"end":{"line":243,"column":33}},"loc":{"start":{"line":243,"column":49},"end":{"line":245,"column":7}}},"20":{"name":"(anonymous_20)","decl":{"start":{"line":260,"column":10},"end":{"line":260,"column":30}},"loc":{"start":{"line":260,"column":73},"end":{"line":278,"column":3}}},"21":{"name":"(anonymous_21)","decl":{"start":{"line":262,"column":33},"end":{"line":262,"column":34}},"loc":{"start":{"line":262,"column":40},"end":{"line":262,"column":68}}},"22":{"name":"(anonymous_22)","decl":{"start":{"line":270,"column":45},"end":{"line":270,"column":46}},"loc":{"start":{"line":270,"column":52},"end":{"line":270,"column":63}}},"23":{"name":"(anonymous_23)","decl":{"start":{"line":295,"column":10},"end":{"line":295,"column":27}},"loc":{"start":{"line":297,"column":49},"end":{"line":311,"column":3}}},"24":{"name":"(anonymous_24)","decl":{"start":{"line":301,"column":18},"end":{"line":301,"column":19}},"loc":{"start":{"line":301,"column":31},"end":{"line":309,"column":5}}},"25":{"name":"(anonymous_25)","decl":{"start":{"line":302,"column":25},"end":{"line":302,"column":26}},"loc":{"start":{"line":302,"column":31},"end":{"line":308,"column":7}}},"26":{"name":"(anonymous_26)","decl":{"start":{"line":303,"column":47},"end":{"line":303,"column":48}},"loc":{"start":{"line":303,"column":55},"end":{"line":303,"column":73}}},"27":{"name":"(anonymous_27)","decl":{"start":{"line":329,"column":10},"end":{"line":329,"column":28}},"loc":{"start":{"line":329,"column":77},"end":{"line":345,"column":3}}},"28":{"name":"(anonymous_28)","decl":{"start":{"line":331,"column":30},"end":{"line":331,"column":31}},"loc":{"start":{"line":331,"column":40},"end":{"line":331,"column":58}}},"29":{"name":"(anonymous_29)","decl":{"start":{"line":338,"column":35},"end":{"line":338,"column":36}},"loc":{"start":{"line":338,"column":45},"end":{"line":338,"column":83}}},"30":{"name":"(anonymous_30)","decl":{"start":{"line":358,"column":10},"end":{"line":358,"column":28}},"loc":{"start":{"line":358,"column":51},"end":{"line":367,"column":3}}},"31":{"name":"(anonymous_31)","decl":{"start":{"line":360,"column":6},"end":{"line":360,"column":7}},"loc":{"start":{"line":360,"column":19},"end":{"line":364,"column":7}}},"32":{"name":"(anonymous_32)","decl":{"start":{"line":385,"column":10},"end":{"line":385,"column":41}},"loc":{"start":{"line":385,"column":90},"end":{"line":400,"column":3}}},"33":{"name":"(anonymous_33)","decl":{"start":{"line":388,"column":22},"end":{"line":388,"column":23}},"loc":{"start":{"line":388,"column":37},"end":{"line":397,"column":5}}},"34":{"name":"(anonymous_34)","decl":{"start":{"line":389,"column":44},"end":{"line":389,"column":45}},"loc":{"start":{"line":389,"column":51},"end":{"line":389,"column":89}}},"35":{"name":"(anonymous_35)","decl":{"start":{"line":389,"column":62},"end":{"line":389,"column":63}},"loc":{"start":{"line":389,"column":70},"end":{"line":389,"column":88}}},"36":{"name":"(anonymous_36)","decl":{"start":{"line":414,"column":10},"end":{"line":414,"column":28}},"loc":{"start":{"line":414,"column":72},"end":{"line":430,"column":3}}},"37":{"name":"(anonymous_37)","decl":{"start":{"line":416,"column":51},"end":{"line":416,"column":52}},"loc":{"start":{"line":416,"column":61},"end":{"line":416,"column":74}}},"38":{"name":"(anonymous_38)","decl":{"start":{"line":423,"column":65},"end":{"line":423,"column":66}},"loc":{"start":{"line":423,"column":79},"end":{"line":423,"column":110}}}},"branchMap":{"0":{"loc":{"start":{"line":81,"column":4},"end":{"line":84,"column":5}},"type":"if","locations":[{"start":{"line":81,"column":4},"end":{"line":84,"column":5}}]},"1":{"loc":{"start":{"line":88,"column":4},"end":{"line":106,"column":5}},"type":"if","locations":[{"start":{"line":88,"column":4},"end":{"line":106,"column":5}},{"start":{"line":99,"column":11},"end":{"line":106,"column":5}}]},"2":{"loc":{"start":{"line":91,"column":8},"end":{"line":93,"column":103}},"type":"cond-expr","locations":[{"start":{"line":92,"column":12},"end":{"line":92,"column":30}},{"start":{"line":93,"column":12},"end":{"line":93,"column":103}}]},"3":{"loc":{"start":{"line":113,"column":27},"end":{"line":113,"column":60}},"type":"binary-expr","locations":[{"start":{"line":113,"column":27},"end":{"line":113,"column":54}},{"start":{"line":113,"column":58},"end":{"line":113,"column":60}}]},"4":{"loc":{"start":{"line":115,"column":6},"end":{"line":135,"column":7}},"type":"if","locations":[{"start":{"line":115,"column":6},"end":{"line":135,"column":7}}]},"5":{"loc":{"start":{"line":122,"column":8},"end":{"line":134,"column":9}},"type":"if","locations":[{"start":{"line":122,"column":8},"end":{"line":134,"column":9}},{"start":{"line":130,"column":15},"end":{"line":134,"column":9}}]},"6":{"loc":{"start":{"line":125,"column":12},"end":{"line":127,"column":64}},"type":"cond-expr","locations":[{"start":{"line":126,"column":16},"end":{"line":126,"column":37}},{"start":{"line":127,"column":16},"end":{"line":127,"column":64}}]},"7":{"loc":{"start":{"line":192,"column":4},"end":{"line":202,"column":5}},"type":"if","locations":[{"start":{"line":192,"column":4},"end":{"line":202,"column":5}}]},"8":{"loc":{"start":{"line":236,"column":4},"end":{"line":246,"column":5}},"type":"if","locations":[{"start":{"line":236,"column":4},"end":{"line":246,"column":5}}]},"9":{"loc":{"start":{"line":240,"column":34},"end":{"line":240,"column":85}},"type":"binary-expr","locations":[{"start":{"line":240,"column":34},"end":{"line":240,"column":53}},{"start":{"line":240,"column":57},"end":{"line":240,"column":85}}]},"10":{"loc":{"start":{"line":262,"column":40},"end":{"line":262,"column":68}},"type":"binary-expr","locations":[{"start":{"line":262,"column":40},"end":{"line":262,"column":50}},{"start":{"line":262,"column":54},"end":{"line":262,"column":68}}]},"11":{"loc":{"start":{"line":265,"column":4},"end":{"line":274,"column":5}},"type":"if","locations":[{"start":{"line":265,"column":4},"end":{"line":274,"column":5}}]},"12":{"loc":{"start":{"line":305,"column":8},"end":{"line":307,"column":9}},"type":"if","locations":[{"start":{"line":305,"column":8},"end":{"line":307,"column":9}}]},"13":{"loc":{"start":{"line":305,"column":12},"end":{"line":305,"column":98}},"type":"binary-expr","locations":[{"start":{"line":305,"column":12},"end":{"line":305,"column":27}},{"start":{"line":305,"column":32},"end":{"line":305,"column":52}},{"start":{"line":305,"column":56},"end":{"line":305,"column":97}}]},"14":{"loc":{"start":{"line":329,"column":58},"end":{"line":329,"column":77}},"type":"default-arg","locations":[{"start":{"line":329,"column":76},"end":{"line":329,"column":77}}]},"15":{"loc":{"start":{"line":331,"column":40},"end":{"line":331,"column":58}},"type":"binary-expr","locations":[{"start":{"line":331,"column":40},"end":{"line":331,"column":53}},{"start":{"line":331,"column":57},"end":{"line":331,"column":58}}]},"16":{"loc":{"start":{"line":338,"column":46},"end":{"line":338,"column":64}},"type":"binary-expr","locations":[{"start":{"line":338,"column":46},"end":{"line":338,"column":59}},{"start":{"line":338,"column":63},"end":{"line":338,"column":64}}]},"17":{"loc":{"start":{"line":341,"column":4},"end":{"line":341,"column":45}},"type":"if","locations":[{"start":{"line":341,"column":4},"end":{"line":341,"column":45}}]},"18":{"loc":{"start":{"line":362,"column":25},"end":{"line":362,"column":43}},"type":"binary-expr","locations":[{"start":{"line":362,"column":25},"end":{"line":362,"column":38}},{"start":{"line":362,"column":42},"end":{"line":362,"column":43}}]},"19":{"loc":{"start":{"line":391,"column":6},"end":{"line":396,"column":7}},"type":"if","locations":[{"start":{"line":391,"column":6},"end":{"line":396,"column":7}}]},"20":{"loc":{"start":{"line":414,"column":53},"end":{"line":414,"column":72}},"type":"default-arg","locations":[{"start":{"line":414,"column":71},"end":{"line":414,"column":72}}]},"21":{"loc":{"start":{"line":426,"column":4},"end":{"line":426,"column":43}},"type":"if","locations":[{"start":{"line":426,"column":4},"end":{"line":426,"column":43}}]}},"s":{"0":3,"1":3,"2":36,"3":36,"4":36,"5":36,"6":36,"7":36,"8":9,"9":9,"10":9,"11":9,"12":9,"13":9,"14":9,"15":9,"16":9,"17":9,"18":1,"19":1,"20":8,"21":8,"22":3,"23":8,"24":3,"25":5,"26":5,"27":8,"28":8,"29":13,"30":13,"31":13,"32":13,"33":13,"34":15,"35":18,"36":13,"37":9,"38":3,"39":9,"40":10,"41":4,"42":4,"43":4,"44":8,"45":8,"46":8,"47":6,"48":6,"49":18,"50":6,"51":6,"52":6,"53":6,"54":24,"55":6,"56":12,"57":6,"58":3,"59":9,"60":3,"61":3,"62":9,"63":3,"64":9,"65":3,"66":3,"67":14,"68":46,"69":14,"70":7,"71":7,"72":21,"73":7,"74":10,"75":14,"76":17,"77":39,"78":17,"79":11,"80":11,"81":27,"82":11,"83":17,"84":12,"85":12,"86":24,"87":42,"88":96,"89":42,"90":42,"91":26,"92":12,"93":7,"94":13,"95":7,"96":7,"97":13,"98":7,"99":0,"100":7,"101":16,"102":72,"103":72,"104":10,"105":10,"106":27,"107":46,"108":93,"109":27,"110":22,"111":10,"112":7,"113":18,"114":7,"115":7,"116":18,"117":7,"118":0,"119":7,"120":3},"f":{"0":36,"1":9,"2":8,"3":13,"4":15,"5":18,"6":3,"7":10,"8":4,"9":6,"10":18,"11":24,"12":12,"13":9,"14":9,"15":9,"16":14,"17":46,"18":21,"19":10,"20":17,"21":39,"22":27,"23":12,"24":24,"25":42,"26":96,"27":7,"28":13,"29":13,"30":16,"31":72,"32":10,"33":27,"34":46,"35":93,"36":7,"37":18,"38":18},"b":{"0":[1],"1":[3,5],"2":[0,3],"3":[13,0],"4":[13],"5":[9,4],"6":[8,1],"7":[3],"8":[7],"9":[21,12],"10":[39,16],"11":[11],"12":[26],"13":[42,36,24],"14":[5],"15":[13,0],"16":[13,0],"17":[0],"18":[72,49],"19":[22],"20":[6],"21":[0]}}
,"C:\\Users\\alazi\\OneDrive - EUROPEAN DYNAMICS LUXEMBOURG SA\\Desktop\\myRepo\\GKE-Traffic-Split\\scheduler\\tests\\FaultTolerance\\data\\cluster.ts": {"path":"C:\\Users\\alazi\\OneDrive - EUROPEAN DYNAMICS LUXEMBOURG SA\\Desktop\\myRepo\\GKE-Traffic-Split\\scheduler\\tests\\FaultTolerance\\data\\cluster.ts","statementMap":{"0":{"start":{"line":4,"column":13},"end":{"line":72,"column":2}}},"fnMap":{},"branchMap":{},"s":{"0":3},"f":{},"b":{}}
,"C:\\Users\\alazi\\OneDrive - EUROPEAN DYNAMICS LUXEMBOURG SA\\Desktop\\myRepo\\GKE-Traffic-Split\\scheduler\\tests\\FaultTolerance\\data\\deployments.ts": {"path":"C:\\Users\\alazi\\OneDrive - EUROPEAN DYNAMICS LUXEMBOURG SA\\Desktop\\myRepo\\GKE-Traffic-Split\\scheduler\\tests\\FaultTolerance\\data\\deployments.ts","statementMap":{"0":{"start":{"line":3,"column":13},"end":{"line":69,"column":2}}},"fnMap":{},"branchMap":{},"s":{"0":3},"f":{},"b":{}}
}
