TN:
SF:src\enums.ts
FN:1,(anonymous_0)
FN:3,(anonymous_1)
FN:9,(anonymous_2)
FN:14,(anonymous_3)
FN:21,(anonymous_4)
FN:25,(anonymous_5)
FNF:6
FNH:6
FNDA:3,(anonymous_0)
FNDA:3,(anonymous_1)
FNDA:3,(anonymous_2)
FNDA:3,(anonymous_3)
FNDA:3,(anonymous_4)
FNDA:3,(anonymous_5)
DA:1,3
DA:3,3
DA:4,3
DA:5,3
DA:6,3
DA:9,3
DA:10,3
DA:11,3
DA:14,3
DA:15,3
DA:16,3
DA:17,3
DA:18,3
DA:21,3
DA:22,3
DA:25,3
DA:26,3
DA:27,3
DA:28,3
LF:19
LH:19
BRDA:1,0,0,3
BRDA:1,0,1,3
BRDA:3,1,0,3
BRDA:3,1,1,3
BRDA:9,2,0,3
BRDA:9,2,1,3
BRDA:14,3,0,3
BRDA:14,3,1,3
BRDA:21,4,0,3
BRDA:21,4,1,3
BRDA:25,5,0,3
BRDA:25,5,1,3
BRF:12
BRH:12
end_of_record
TN:
SF:src\adapters\k8s\enums.ts
FN:1,(anonymous_0)
FNF:1
FNH:1
FNDA:1,(anonymous_0)
DA:1,1
DA:2,1
DA:3,1
DA:4,1
DA:5,1
DA:6,1
LF:6
LH:6
BRDA:1,0,0,1
BRDA:1,0,1,1
BRF:2
BRH:2
end_of_record
TN:
SF:src\adapters\k8s\index.ts
FN:28,(anonymous_0)
FN:47,(anonymous_1)
FN:51,(anonymous_2)
FN:56,(anonymous_3)
FN:72,(anonymous_4)
FN:76,(anonymous_5)
FN:92,(anonymous_6)
FN:102,(anonymous_7)
FN:118,(anonymous_8)
FN:131,(anonymous_9)
FN:139,(anonymous_10)
FN:160,(anonymous_11)
FN:177,(anonymous_12)
FN:192,(anonymous_13)
FN:208,(anonymous_14)
FN:214,(anonymous_15)
FN:235,(anonymous_16)
FN:248,(anonymous_17)
FN:277,(anonymous_18)
FN:278,(anonymous_19)
FN:286,(anonymous_20)
FN:287,(anonymous_21)
FN:291,(anonymous_22)
FN:301,(anonymous_23)
FNF:24
FNH:1
FNDA:1,(anonymous_0)
FNDA:0,(anonymous_1)
FNDA:0,(anonymous_2)
FNDA:0,(anonymous_3)
FNDA:0,(anonymous_4)
FNDA:0,(anonymous_5)
FNDA:0,(anonymous_6)
FNDA:0,(anonymous_7)
FNDA:0,(anonymous_8)
FNDA:0,(anonymous_9)
FNDA:0,(anonymous_10)
FNDA:0,(anonymous_11)
FNDA:0,(anonymous_12)
FNDA:0,(anonymous_13)
FNDA:0,(anonymous_14)
FNDA:0,(anonymous_15)
FNDA:0,(anonymous_16)
FNDA:0,(anonymous_17)
FNDA:0,(anonymous_18)
FNDA:0,(anonymous_19)
FNDA:0,(anonymous_20)
FNDA:0,(anonymous_21)
FNDA:0,(anonymous_22)
FNDA:0,(anonymous_23)
DA:1,1
DA:2,1
DA:3,1
DA:4,1
DA:5,1
DA:6,1
DA:7,1
DA:8,1
DA:9,1
DA:10,1
DA:11,1
DA:12,1
DA:19,1
DA:26,1
DA:29,1
DA:31,1
DA:33,1
DA:35,1
DA:37,1
DA:39,1
DA:40,1
DA:41,1
DA:42,1
DA:43,1
DA:44,1
DA:48,0
DA:50,0
DA:51,0
DA:52,0
DA:53,0
DA:56,0
DA:57,0
DA:73,0
DA:77,0
DA:93,0
DA:103,0
DA:120,0
DA:121,0
DA:124,0
DA:127,0
DA:128,0
DA:133,0
DA:136,0
DA:140,0
DA:144,0
DA:149,0
DA:162,0
DA:165,0
DA:166,0
DA:167,0
DA:171,0
DA:174,0
DA:178,0
DA:180,0
DA:182,0
DA:193,0
DA:210,0
DA:213,0
DA:216,0
DA:222,0
DA:236,0
DA:250,0
DA:260,0
DA:261,0
DA:265,0
DA:268,0
DA:269,0
DA:272,0
DA:273,0
DA:277,0
DA:278,0
DA:282,0
DA:283,0
DA:286,0
DA:287,0
DA:291,0
DA:292,0
DA:293,0
DA:294,0
DA:301,0
DA:305,0
LF:81
LH:25
BRDA:165,0,0,0
BRDA:216,1,0,0
BRDA:216,1,1,0
BRDA:260,2,0,0
BRDA:260,3,0,0
BRDA:260,3,1,0
BRDA:260,3,2,0
BRDA:269,4,0,0
BRDA:269,4,1,0
BRDA:272,5,0,0
BRDA:278,6,0,0
BRDA:278,6,1,0
BRDA:283,7,0,0
BRDA:283,7,1,0
BRDA:287,8,0,0
BRDA:287,8,1,0
BRDA:292,9,0,0
BRDA:292,9,1,0
BRDA:293,10,0,0
BRDA:293,10,1,0
BRDA:301,11,0,0
BRDA:301,11,1,0
BRF:22
BRH:0
end_of_record
TN:
SF:src\adapters\k8s\mapper.ts
FN:18,(anonymous_0)
FN:19,(anonymous_1)
FN:27,(anonymous_2)
FN:30,(anonymous_3)
FN:79,(anonymous_4)
FN:80,(anonymous_5)
FN:83,(anonymous_6)
FN:85,(anonymous_7)
FN:89,(anonymous_8)
FN:94,(anonymous_9)
FN:102,(anonymous_10)
FN:106,(anonymous_11)
FN:107,(anonymous_12)
FN:111,(anonymous_13)
FN:115,(anonymous_14)
FN:116,(anonymous_15)
FN:118,(anonymous_16)
FN:119,(anonymous_17)
FN:120,(anonymous_18)
FN:132,(anonymous_19)
FN:134,(anonymous_20)
FN:136,(anonymous_21)
FN:172,(anonymous_22)
FN:174,(anonymous_23)
FNF:24
FNH:0
FNDA:0,(anonymous_0)
FNDA:0,(anonymous_1)
FNDA:0,(anonymous_2)
FNDA:0,(anonymous_3)
FNDA:0,(anonymous_4)
FNDA:0,(anonymous_5)
FNDA:0,(anonymous_6)
FNDA:0,(anonymous_7)
FNDA:0,(anonymous_8)
FNDA:0,(anonymous_9)
FNDA:0,(anonymous_10)
FNDA:0,(anonymous_11)
FNDA:0,(anonymous_12)
FNDA:0,(anonymous_13)
FNDA:0,(anonymous_14)
FNDA:0,(anonymous_15)
FNDA:0,(anonymous_16)
FNDA:0,(anonymous_17)
FNDA:0,(anonymous_18)
FNDA:0,(anonymous_19)
FNDA:0,(anonymous_20)
FNDA:0,(anonymous_21)
FNDA:0,(anonymous_22)
FNDA:0,(anonymous_23)
DA:1,1
DA:2,1
DA:17,1
DA:19,0
DA:20,0
DA:28,0
DA:30,0
DA:31,0
DA:34,0
DA:37,0
DA:80,0
DA:82,0
DA:83,0
DA:85,0
DA:89,0
DA:94,0
DA:102,0
DA:107,0
DA:112,0
DA:115,0
DA:116,0
DA:118,0
DA:119,0
DA:120,0
DA:124,0
DA:132,0
DA:136,0
DA:137,0
DA:142,0
DA:147,0
DA:152,0
DA:157,0
DA:174,0
DA:175,0
DA:176,0
DA:177,0
DA:178,0
DA:180,0
DA:181,0
DA:183,0
DA:208,1
LF:41
LH:4
BRDA:31,0,0,0
BRDA:31,0,1,0
BRDA:120,1,0,0
BRDA:120,1,1,0
BRDA:127,2,0,0
BRDA:127,2,1,0
BRDA:159,3,0,0
BRDA:159,3,1,0
BRF:8
BRH:0
end_of_record
TN:
SF:src\adapters\k8s\utils.ts
FN:11,(anonymous_0)
FN:18,(anonymous_1)
FN:35,(anonymous_2)
FN:62,(anonymous_3)
FN:71,(anonymous_4)
FN:77,(anonymous_5)
FN:83,(anonymous_6)
FN:87,(anonymous_7)
FNF:8
FNH:0
FNDA:0,(anonymous_0)
FNDA:0,(anonymous_1)
FNDA:0,(anonymous_2)
FNDA:0,(anonymous_3)
FNDA:0,(anonymous_4)
FNDA:0,(anonymous_5)
FNDA:0,(anonymous_6)
FNDA:0,(anonymous_7)
DA:11,1
DA:12,0
DA:14,0
DA:15,0
DA:16,0
DA:18,0
DA:19,0
DA:20,0
DA:23,0
DA:24,0
DA:25,0
DA:26,0
DA:27,0
DA:28,0
DA:30,0
DA:31,0
DA:35,0
DA:41,0
DA:62,1
DA:66,0
DA:67,0
DA:69,0
DA:71,0
DA:72,0
DA:73,0
DA:74,0
DA:77,0
DA:79,0
DA:82,0
DA:83,0
DA:86,0
DA:87,0
DA:90,0
LF:33
LH:2
BRDA:19,0,0,0
BRDA:23,1,0,0
BRDA:23,1,1,0
BRDA:25,2,0,0
BRDA:25,2,1,0
BRDA:26,3,0,0
BRDA:26,3,1,0
BRDA:28,4,0,0
BRDA:28,4,1,0
BRDA:31,5,0,0
BRDA:31,5,1,0
BRDA:72,6,0,0
BRDA:79,7,0,0
BRF:13
BRH:0
end_of_record
TN:
SF:src\adapters\k8s\services\deploy.service.ts
FN:10,(anonymous_9)
FN:14,(anonymous_10)
FN:18,(anonymous_11)
FN:27,(anonymous_12)
FN:30,(anonymous_13)
FN:31,(anonymous_14)
FN:41,(anonymous_15)
FNF:7
FNH:1
FNDA:1,(anonymous_9)
FNDA:0,(anonymous_10)
FNDA:0,(anonymous_11)
FNDA:0,(anonymous_12)
FNDA:0,(anonymous_13)
FNDA:0,(anonymous_14)
FNDA:0,(anonymous_15)
DA:1,1
DA:3,1
DA:7,1
DA:11,1
DA:15,0
DA:18,0
DA:19,0
DA:20,0
DA:21,0
DA:24,0
DA:29,0
DA:30,0
DA:31,0
DA:33,0
DA:34,0
DA:35,0
DA:38,0
DA:42,0
DA:44,0
DA:45,0
DA:46,0
DA:48,0
DA:49,0
DA:50,0
DA:54,0
LF:25
LH:4
BRDA:19,0,0,0
BRDA:33,1,0,0
BRDA:44,2,0,0
BRDA:48,3,0,0
BRF:4
BRH:0
end_of_record
TN:
SF:src\adapters\k8s\services\metrics.service.ts
FN:13,(anonymous_9)
FN:19,(anonymous_10)
FN:26,(anonymous_11)
FNF:3
FNH:1
FNDA:1,(anonymous_9)
FNDA:0,(anonymous_10)
FNDA:0,(anonymous_11)
DA:1,1
DA:3,1
DA:8,1
DA:14,1
DA:15,1
DA:16,1
DA:20,0
DA:21,0
DA:23,0
DA:27,0
DA:29,0
DA:30,0
LF:12
LH:6
BRF:0
BRH:0
end_of_record
TN:
SF:src\adapters\k8s\services\namespace.service.ts
FN:8,(anonymous_0)
FN:12,(anonymous_1)
FNF:2
FNH:1
FNDA:1,(anonymous_0)
FNDA:0,(anonymous_1)
DA:1,1
DA:2,1
DA:6,1
DA:9,1
DA:16,0
DA:17,0
DA:18,0
DA:20,0
DA:22,0
DA:24,0
DA:25,0
DA:26,0
DA:29,0
LF:13
LH:4
BRDA:24,0,0,0
BRF:1
BRH:0
end_of_record
TN:
SF:src\adapters\k8s\services\node.service.ts
FN:6,(anonymous_0)
FN:11,(anonymous_1)
FN:16,(anonymous_2)
FN:26,(anonymous_3)
FN:38,(anonymous_4)
FN:52,(anonymous_5)
FN:61,(anonymous_6)
FNF:7
FNH:1
FNDA:1,(anonymous_0)
FNDA:0,(anonymous_1)
FNDA:0,(anonymous_2)
FNDA:0,(anonymous_3)
FNDA:0,(anonymous_4)
FNDA:0,(anonymous_5)
FNDA:0,(anonymous_6)
DA:3,1
DA:7,1
DA:12,0
DA:13,0
DA:17,0
DA:18,0
DA:22,0
DA:27,0
DA:29,0
DA:31,0
DA:33,0
DA:35,0
DA:37,0
DA:38,0
DA:42,0
DA:45,0
DA:47,0
DA:53,0
DA:55,0
DA:57,0
DA:58,0
DA:60,0
DA:61,0
DA:65,0
DA:68,0
LF:25
LH:2
BRDA:35,0,0,0
BRDA:42,1,0,0
BRDA:58,2,0,0
BRDA:65,3,0,0
BRDA:65,3,1,0
BRF:5
BRH:0
end_of_record
TN:
SF:src\adapters\k8s\services\pod.service.ts
FN:7,(anonymous_0)
FN:11,(anonymous_1)
FN:16,(anonymous_2)
FN:31,(anonymous_3)
FNF:4
FNH:1
FNDA:1,(anonymous_0)
FNDA:0,(anonymous_1)
FNDA:0,(anonymous_2)
FNDA:0,(anonymous_3)
DA:1,1
DA:5,1
DA:8,1
DA:12,0
DA:13,0
DA:17,0
DA:26,0
DA:28,0
DA:32,0
DA:33,0
LF:10
LH:3
BRDA:26,0,0,0
BRF:1
BRH:0
end_of_record
TN:
SF:src\adapters\k8s\services\resources.service.ts
FN:10,(anonymous_0)
FN:15,(anonymous_1)
FN:76,(anonymous_2)
FN:85,(anonymous_3)
FN:141,(anonymous_4)
FNF:5
FNH:1
FNDA:1,(anonymous_0)
FNDA:0,(anonymous_1)
FNDA:0,(anonymous_2)
FNDA:0,(anonymous_3)
FNDA:0,(anonymous_4)
DA:1,1
DA:2,1
DA:6,1
DA:11,1
DA:12,1
DA:16,0
DA:17,0
DA:19,0
DA:20,0
DA:21,0
DA:22,0
DA:23,0
DA:24,0
DA:29,0
DA:30,0
DA:31,0
DA:34,0
DA:44,0
DA:47,0
DA:48,0
DA:50,0
DA:51,0
DA:53,0
DA:54,0
DA:56,0
DA:57,0
DA:62,0
DA:65,0
DA:77,0
DA:79,0
DA:81,0
DA:82,0
DA:86,0
DA:87,0
DA:88,0
DA:92,0
DA:93,0
DA:94,0
DA:95,0
DA:96,0
DA:99,0
DA:100,0
DA:101,0
DA:103,0
DA:104,0
DA:106,0
DA:118,0
DA:120,0
DA:121,0
DA:123,0
DA:130,0
DA:132,0
DA:136,0
DA:142,0
LF:54
LH:5
BRDA:21,0,0,0
BRDA:21,1,0,0
BRDA:21,1,1,0
BRDA:29,2,0,0
BRDA:29,2,1,0
BRDA:39,3,0,0
BRDA:39,3,1,0
BRDA:51,4,0,0
BRDA:51,4,1,0
BRDA:87,5,0,0
BRDA:87,6,0,0
BRDA:87,6,1,0
BRDA:92,7,0,0
BRDA:92,7,1,0
BRDA:93,8,0,0
BRDA:93,8,1,0
BRDA:94,9,0,0
BRDA:94,9,1,0
BRDA:99,10,0,0
BRDA:99,10,1,0
BRDA:121,11,0,0
BRDA:121,11,1,0
BRDA:121,12,0,0
BRDA:121,12,1,0
BRF:24
BRH:0
end_of_record
TN:
SF:src\adapters\k8s\services\threshold.strategy.service.ts
FN:12,(anonymous_0)
FN:20,(anonymous_1)
FN:28,(anonymous_2)
FN:36,(anonymous_3)
FNF:4
FNH:0
FNDA:0,(anonymous_0)
FNDA:0,(anonymous_1)
FNDA:0,(anonymous_2)
FNDA:0,(anonymous_3)
DA:1,1
DA:2,1
DA:13,0
DA:15,0
DA:21,0
DA:23,0
DA:29,0
DA:31,0
DA:35,1
DA:37,0
DA:39,0
DA:41,0
DA:43,0
DA:45,0
LF:14
LH:3
BRDA:37,0,0,0
BRDA:37,0,1,0
BRDA:37,0,2,0
BRDA:37,0,3,0
BRF:4
BRH:0
end_of_record
TN:
SF:src\common\helpers.ts
FN:9,(anonymous_1)
FN:10,(anonymous_2)
FN:12,(anonymous_3)
FN:16,(anonymous_4)
FN:27,(anonymous_5)
FN:41,(anonymous_6)
FN:48,(anonymous_7)
FN:52,(anonymous_8)
FN:61,(anonymous_9)
FNF:9
FNH:0
FNDA:0,(anonymous_1)
FNDA:0,(anonymous_2)
FNDA:0,(anonymous_3)
FNDA:0,(anonymous_4)
FNDA:0,(anonymous_5)
FNDA:0,(anonymous_6)
FNDA:0,(anonymous_7)
FNDA:0,(anonymous_8)
FNDA:0,(anonymous_9)
DA:2,1
DA:3,1
DA:5,1
DA:9,1
DA:10,0
DA:12,1
DA:13,0
DA:16,1
DA:17,0
DA:18,0
DA:19,0
DA:27,1
DA:31,0
DA:34,0
DA:36,0
DA:38,0
DA:40,0
DA:41,0
DA:45,0
DA:47,0
DA:48,0
DA:52,0
DA:54,0
DA:56,0
DA:58,0
DA:60,0
DA:61,0
DA:67,0
LF:28
LH:7
BRDA:34,0,0,0
BRDA:34,0,1,0
BRDA:41,1,0,0
BRDA:41,1,1,0
BRDA:41,1,2,0
BRDA:48,2,0,0
BRDA:48,2,1,0
BRDA:61,3,0,0
BRDA:61,3,1,0
BRDA:61,3,2,0
BRF:10
BRH:0
end_of_record
TN:
SF:src\config\config.ts
FN:10,(anonymous_9)
FNF:1
FNH:0
FNDA:0,(anonymous_9)
DA:1,1
DA:3,1
DA:5,1
DA:8,1
DA:10,1
DA:11,0
DA:12,0
DA:16,1
LF:8
LH:6
BRDA:11,0,0,0
BRDA:17,1,0,1
BRDA:17,1,1,0
BRDA:18,2,0,1
BRDA:18,2,1,0
BRDA:19,3,0,1
BRDA:19,3,1,0
BRDA:20,4,0,1
BRDA:20,4,1,1
BRDA:21,5,0,1
BRDA:21,5,1,0
BRDA:23,6,0,1
BRDA:23,6,1,0
BRDA:24,7,0,1
BRDA:24,7,1,0
BRDA:25,8,0,1
BRDA:25,8,1,0
BRDA:27,9,0,0
BRDA:27,9,1,1
BRDA:28,10,0,0
BRDA:28,10,1,1
BRDA:31,11,0,1
BRDA:31,11,1,0
BRDA:34,12,0,1
BRDA:34,12,1,0
BRDA:35,13,0,1
BRDA:35,13,1,1
BRDA:36,14,0,1
BRDA:36,14,1,1
BRF:29
BRH:17
end_of_record
TN:
SF:src\config\k8sClient.ts
FN:10,(anonymous_9)
FN:12,(anonymous_10)
FN:28,(anonymous_11)
FNF:3
FNH:2
FNDA:0,(anonymous_9)
FNDA:5,(anonymous_10)
FNDA:5,(anonymous_11)
DA:1,1
DA:3,1
DA:4,1
DA:13,5
DA:14,1
DA:18,1
DA:22,5
DA:27,1
DA:31,5
DA:33,5
DA:35,1
DA:37,1
DA:39,1
DA:41,1
DA:43,1
DA:45,0
LF:16
LH:15
BRDA:13,0,0,1
BRDA:18,1,0,0
BRDA:18,1,1,1
BRDA:33,2,0,1
BRDA:33,2,1,1
BRDA:33,2,2,1
BRDA:33,2,3,1
BRDA:33,2,4,1
BRDA:33,2,5,0
BRF:9
BRH:7
end_of_record
TN:
SF:src\config\logger.ts
FN:21,(anonymous_1)
FN:41,(anonymous_2)
FN:51,(anonymous_3)
FNF:3
FNH:1
FNDA:81,(anonymous_1)
FNDA:0,(anonymous_2)
FNDA:0,(anonymous_3)
DA:1,4
DA:2,4
DA:4,4
DA:23,81
DA:26,81
DA:29,81
DA:32,81
DA:36,81
DA:41,4
DA:42,0
DA:45,0
DA:46,0
DA:51,4
DA:52,0
DA:59,0
LF:15
LH:10
BRDA:6,0,0,4
BRDA:6,0,1,4
BRDA:26,1,0,81
BRDA:26,1,1,45
BRDA:32,2,0,80
BRDA:32,2,1,1
BRDA:61,3,0,0
BRDA:61,3,1,0
BRF:8
BRH:6
end_of_record
TN:
SF:src\core\optiScaler\mappers.ts
FN:7,(anonymous_0)
FN:8,(anonymous_1)
FN:31,(anonymous_2)
FN:32,(anonymous_3)
FN:53,(anonymous_4)
FN:55,(anonymous_5)
FN:60,(anonymous_6)
FN:63,(anonymous_7)
FN:64,(anonymous_8)
FN:66,(anonymous_9)
FN:66,(anonymous_10)
FN:68,(anonymous_11)
FN:72,(anonymous_12)
FNF:13
FNH:11
FNDA:0,(anonymous_0)
FNDA:0,(anonymous_1)
FNDA:12,(anonymous_2)
FNDA:49,(anonymous_3)
FNDA:15,(anonymous_4)
FNDA:46,(anonymous_5)
FNDA:15,(anonymous_6)
FNDA:55,(anonymous_7)
FNDA:173,(anonymous_8)
FNDA:98,(anonymous_9)
FNDA:77,(anonymous_10)
FNDA:54,(anonymous_11)
FNDA:44,(anonymous_12)
DA:6,3
DA:8,0
DA:9,0
DA:10,0
DA:11,0
DA:12,0
DA:14,0
DA:15,0
DA:17,0
DA:18,0
DA:20,0
DA:21,0
DA:24,0
DA:30,3
DA:32,12
DA:33,49
DA:34,15
DA:35,34
DA:36,18
DA:38,16
DA:39,16
DA:41,16
DA:42,16
DA:44,16
DA:45,16
DA:48,16
DA:54,15
DA:55,46
DA:61,15
DA:63,15
DA:64,173
DA:66,98
DA:68,55
DA:70,55
DA:72,44
DA:76,15
LF:36
LH:24
BRDA:9,0,0,0
BRDA:9,0,1,0
BRDA:11,1,0,0
BRDA:11,1,1,0
BRDA:14,2,0,0
BRDA:14,2,1,0
BRDA:15,3,0,0
BRDA:15,3,1,0
BRDA:17,4,0,0
BRDA:17,4,1,0
BRDA:18,5,0,0
BRDA:18,5,1,0
BRDA:33,6,0,15
BRDA:33,6,1,34
BRDA:35,7,0,18
BRDA:35,7,1,16
BRDA:72,8,0,44
BRDA:72,8,1,0
BRF:18
BRH:5
end_of_record
TN:
SF:src\core\optiScaler\services\faultTolerance.service.ts
FN:16,(anonymous_0)
FN:43,(anonymous_1)
FN:93,(anonymous_2)
FN:111,(anonymous_3)
FN:120,(anonymous_4)
FN:120,(anonymous_5)
FN:127,(anonymous_6)
FN:129,(anonymous_7)
FN:133,(anonymous_8)
FN:162,(anonymous_9)
FN:166,(anonymous_10)
FN:187,(anonymous_11)
FN:190,(anonymous_12)
FN:195,(anonymous_13)
FN:205,(anonymous_14)
FN:208,(anonymous_15)
FN:229,(anonymous_16)
FN:232,(anonymous_17)
FN:240,(anonymous_18)
FN:243,(anonymous_19)
FN:260,(anonymous_20)
FN:262,(anonymous_21)
FN:270,(anonymous_22)
FN:295,(anonymous_23)
FN:301,(anonymous_24)
FN:302,(anonymous_25)
FN:303,(anonymous_26)
FN:329,(anonymous_27)
FN:331,(anonymous_28)
FN:338,(anonymous_29)
FN:358,(anonymous_30)
FN:360,(anonymous_31)
FN:385,(anonymous_32)
FN:388,(anonymous_33)
FN:389,(anonymous_34)
FN:389,(anonymous_35)
FN:414,(anonymous_36)
FN:416,(anonymous_37)
FN:423,(anonymous_38)
FNF:39
FNH:39
FNDA:36,(anonymous_0)
FNDA:9,(anonymous_1)
FNDA:8,(anonymous_2)
FNDA:13,(anonymous_3)
FNDA:15,(anonymous_4)
FNDA:18,(anonymous_5)
FNDA:3,(anonymous_6)
FNDA:10,(anonymous_7)
FNDA:4,(anonymous_8)
FNDA:6,(anonymous_9)
FNDA:18,(anonymous_10)
FNDA:24,(anonymous_11)
FNDA:12,(anonymous_12)
FNDA:9,(anonymous_13)
FNDA:9,(anonymous_14)
FNDA:9,(anonymous_15)
FNDA:14,(anonymous_16)
FNDA:46,(anonymous_17)
FNDA:21,(anonymous_18)
FNDA:10,(anonymous_19)
FNDA:17,(anonymous_20)
FNDA:39,(anonymous_21)
FNDA:27,(anonymous_22)
FNDA:12,(anonymous_23)
FNDA:24,(anonymous_24)
FNDA:42,(anonymous_25)
FNDA:96,(anonymous_26)
FNDA:7,(anonymous_27)
FNDA:13,(anonymous_28)
FNDA:13,(anonymous_29)
FNDA:16,(anonymous_30)
FNDA:72,(anonymous_31)
FNDA:10,(anonymous_32)
FNDA:27,(anonymous_33)
FNDA:46,(anonymous_34)
FNDA:93,(anonymous_35)
FNDA:7,(anonymous_36)
FNDA:18,(anonymous_37)
FNDA:18,(anonymous_38)
DA:1,3
DA:2,3
DA:9,3
DA:13,36
DA:17,36
DA:18,36
DA:19,36
DA:20,36
DA:22,36
DA:44,9
DA:48,9
DA:49,9
DA:58,9
DA:63,9
DA:68,9
DA:69,9
DA:74,9
DA:79,9
DA:81,9
DA:82,1
DA:83,1
DA:86,8
DA:88,8
DA:90,3
DA:93,8
DA:95,3
DA:101,5
DA:102,5
DA:109,8
DA:111,8
DA:113,13
DA:115,13
DA:116,13
DA:117,13
DA:120,18
DA:122,13
DA:125,9
DA:127,3
DA:129,10
DA:132,4
DA:133,4
DA:139,8
DA:140,8
DA:146,8
DA:164,6
DA:166,18
DA:174,6
DA:179,6
DA:184,6
DA:187,24
DA:190,12
DA:192,6
DA:194,3
DA:195,9
DA:201,3
DA:205,9
DA:208,9
DA:211,3
DA:214,3
DA:231,14
DA:232,46
DA:236,14
DA:237,7
DA:239,7
DA:240,21
DA:243,7
DA:244,10
DA:248,14
DA:262,39
DA:265,17
DA:267,11
DA:270,27
DA:273,11
DA:277,17
DA:299,12
DA:301,12
DA:302,24
DA:303,96
DA:304,42
DA:305,42
DA:306,26
DA:310,12
DA:331,13
DA:334,7
DA:338,13
DA:341,7
DA:344,7
DA:359,16
DA:362,72
DA:363,72
DA:386,10
DA:388,10
DA:389,93
DA:391,27
DA:392,22
DA:399,10
DA:416,18
DA:419,7
DA:423,18
DA:426,7
DA:429,7
LF:101
LH:101
BRDA:81,0,0,1
BRDA:88,1,0,3
BRDA:88,1,1,5
BRDA:91,2,0,0
BRDA:91,2,1,3
BRDA:113,3,0,13
BRDA:113,3,1,0
BRDA:115,4,0,13
BRDA:122,5,0,9
BRDA:122,5,1,4
BRDA:125,6,0,8
BRDA:125,6,1,1
BRDA:192,7,0,3
BRDA:236,8,0,7
BRDA:240,9,0,21
BRDA:240,9,1,12
BRDA:262,10,0,39
BRDA:262,10,1,16
BRDA:265,11,0,11
BRDA:305,12,0,26
BRDA:305,13,0,42
BRDA:305,13,1,36
BRDA:305,13,2,24
BRDA:329,14,0,5
BRDA:331,15,0,13
BRDA:331,15,1,0
BRDA:338,16,0,13
BRDA:338,16,1,0
BRDA:341,17,0,0
BRDA:362,18,0,72
BRDA:362,18,1,49
BRDA:391,19,0,22
BRDA:414,20,0,6
BRDA:426,21,0,0
BRF:34
BRH:28
end_of_record
TN:
SF:tests\FaultTolerance\data\cluster.ts
FNF:0
FNH:0
DA:4,3
LF:1
LH:1
BRF:0
BRH:0
end_of_record
TN:
SF:tests\FaultTolerance\data\deployments.ts
FNF:0
FNH:0
DA:3,3
LF:1
LH:1
BRF:0
BRH:0
end_of_record
